This is LuaHBTeX, Version 1.15.1 (MiKTeX 22.10) (format=lualatex 2022.11.24)  7 MAR 2023 10:18
 system commands enabled.
 file:line:error style messages enabled.
**c:/GIT/Oil_Heater_Simulation/report/main.tex
(c:/GIT/Oil_Heater_Simulation/report/main.tex
LaTeX2e <2022-11-01>
Lua module: luaotfload 2022-10-03 3.23 Lua based OpenType font support
Lua module: lualibs 2022-10-04 2.75 ConTeXt Lua standard libraries.
Lua module: lualibs-extended 2022-10-04 2.75 ConTeXt Lua libraries -- extended c
ollection.
luaotfload | conf : Root cache directory is "C:/Users/ASUS/AppData/Local/MiKTeX/
luatex-cache/generic/names".
luaotfload | init : Loading fontloader "fontloader-2022-10-03.lua" from kpse-res
olved path "C:/Users/ASUS/AppData/Local/Programs/MiKTeX/tex/luatex/luaotfload/fo
ntloader-2022-10-03.lua".
Lua-only attribute luaotfload@noligature = 1
luaotfload | init : Context OpenType loader version 3.120
Inserting `luaotfload.node_processor' in `pre_linebreak_filter'.
Inserting `luaotfload.node_processor' in `hpack_filter'.
Inserting `luaotfload.glyph_stream' in `glyph_stream_provider'.
Inserting `luaotfload.define_font' in `define_font'.
Lua-only attribute luaotfload_color_attribute = 2
luaotfload | conf : Root cache directory is "C:/Users/ASUS/AppData/Local/MiKTeX/
luatex-cache/generic/names".
Inserting `luaotfload.harf.strip_prefix' in `find_opentype_file'.
Inserting `luaotfload.harf.strip_prefix' in `find_truetype_file'.
Removing  `luaotfload.glyph_stream' from `glyph_stream_provider'.
Inserting `luaotfload.harf.glyphstream' in `glyph_stream_provider'.
Inserting `luaotfload.harf.finalize_vlist' in `post_linebreak_filter'.
Inserting `luaotfload.harf.finalize_hlist' in `hpack_filter'.
Inserting `luaotfload.cleanup_files' in `wrapup_run'.
Inserting `luaotfload.harf.finalize_unicode' in `finish_pdffile'.
Inserting `luaotfload.glyphinfo' in `glyph_info'.
Lua-only attribute luaotfload.letterspace_done = 3
Inserting `luaotfload.aux.set_sscale_dimens' in `luaotfload.patch_font'.
Inserting `luaotfload.aux.set_font_index' in `luaotfload.patch_font'.
Inserting `luaotfload.aux.patch_cambria_domh' in `luaotfload.patch_font'.
Inserting `luaotfload.aux.fixup_fontdata' in `luaotfload.patch_font_unsafe'.
Inserting `luaotfload.aux.set_capheight' in `luaotfload.patch_font'.
Inserting `luaotfload.aux.set_xheight' in `luaotfload.patch_font'.
Inserting `luaotfload.rewrite_fontname' in `luaotfload.patch_font'. L3 programm
ing layer <2022-11-02>
Inserting `tracingstacklevels' in `input_level_string'.
(C:/Users/ASUS/AppData/Local/Programs/MiKTeX/tex/latex/base/report.cls
Document Class: report 2022/07/02 v1.4n Standard LaTeX document class
(C:/Users/ASUS/AppData/Local/Programs/MiKTeX/tex/latex/base/size10.clo
File: size10.clo 2022/07/02 v1.4n Standard LaTeX file (size option)
luaotfload | db : Font names database loaded from C:/Users/ASUS/AppData/Local/Mi
KTeX/luatex-cache/generic/names/luaotfload-names.luc.gz)
\c@part=\count183
\c@chapter=\count184
\c@section=\count185
\c@subsection=\count186
\c@subsubsection=\count187
\c@paragraph=\count188
\c@subparagraph=\count189
\c@figure=\count190
\c@table=\count191
\abovecaptionskip=\skip47
\belowcaptionskip=\skip48
\bibindent=\dimen139
)
(C:/Users/ASUS/AppData/Local/Programs/MiKTeX/tex/latex/titling/titling.sty
Package: titling 2009/09/04 v2.1d maketitle typesetting
\thanksmarkwidth=\skip49
\thanksmargin=\skip50
\droptitle=\skip51
)
(./preamble.tex
(C:/Users/ASUS/AppData/Local/Programs/MiKTeX/tex/latex/geometry/geometry.sty
Package: geometry 2020/01/02 v5.9 Page Geometry

(C:/Users/ASUS/AppData/Local/Programs/MiKTeX/tex/latex/graphics/keyval.sty
Package: keyval 2022/05/29 v1.15 key=value parser (DPC)
\KV@toks@=\toks16
)
(C:/Users/ASUS/AppData/Local/Programs/MiKTeX/tex/generic/iftex/ifvtex.sty
Package: ifvtex 2019/10/25 v1.7 ifvtex legacy package. Use iftex instead.

(C:/Users/ASUS/AppData/Local/Programs/MiKTeX/tex/generic/iftex/iftex.sty
Package: iftex 2022/02/03 v1.0f TeX engine tests
))
\Gm@cnth=\count192
\Gm@cntv=\count193
\c@Gm@tempcnt=\count194
\Gm@bindingoffset=\dimen140
\Gm@wd@mp=\dimen141
\Gm@odd@mp=\dimen142
\Gm@even@mp=\dimen143
\Gm@layoutwidth=\dimen144
\Gm@layoutheight=\dimen145
\Gm@layouthoffset=\dimen146
\Gm@layoutvoffset=\dimen147
\Gm@dimlist=\toks17

(C:/Users/ASUS/AppData/Local/Programs/MiKTeX/tex/latex/geometry/geometry.cfg))
(C:/Users/ASUS/AppData/Local/Programs/MiKTeX/tex/latex/tools/indentfirst.sty
Package: indentfirst 1995/11/23 v1.03 Indent first paragraph (DPC)
)
(C:/Users/ASUS/AppData/Local/Programs/MiKTeX/tex/latex/setspace/setspace.sty
Package: setspace 2022/12/04 v6.7b set line spacing
)
(C:/Users/ASUS/AppData/Local/Programs/MiKTeX/tex/latex/wrapfig/wrapfig.sty
\wrapoverhang=\dimen148
\WF@size=\dimen149
\c@WF@wrappedlines=\count195
\WF@box=\box51
\WF@everypar=\toks18
Package: wrapfig 2003/01/31  v 3.6
)
(C:/Users/ASUS/AppData/Local/Programs/MiKTeX/tex/latex/base/fontenc.sty
Package: fontenc 2021/04/29 v2.0v Standard LaTeX package
LaTeX Font Info:    Trying to load font information for T1+lmr on input line 11
2.

(C:/Users/ASUS/AppData/Local/Programs/MiKTeX/tex/latex/lm/t1lmr.fd
File: t1lmr.fd 2015/05/01 v1.6.1 Font defs for Latin Modern
))
(C:/Users/ASUS/AppData/Local/Programs/MiKTeX/tex/latex/pdfpages/pdfpages.sty
Package: pdfpages 2022/12/19 v0.5x Insert pages of external PDF documents (AM)

(C:/Users/ASUS/AppData/Local/Programs/MiKTeX/tex/latex/base/ifthen.sty
Package: ifthen 2022/04/13 v1.1d Standard LaTeX ifthen package (DPC)
)
(C:/Users/ASUS/AppData/Local/Programs/MiKTeX/tex/latex/tools/calc.sty
Package: calc 2017/05/25 v4.3 Infix arithmetic (KKT,FJ)
\calc@Acount=\count196
\calc@Bcount=\count197
\calc@Adimen=\dimen150
\calc@Bdimen=\dimen151
\calc@Askip=\skip52
\calc@Bskip=\skip53
LaTeX Info: Redefining \setlength on input line 80.
LaTeX Info: Redefining \addtolength on input line 81.
\calc@Ccount=\count198
\calc@Cskip=\skip54
)
(C:/Users/ASUS/AppData/Local/Programs/MiKTeX/tex/latex/eso-pic/eso-pic.sty
Package: eso-pic 2020/10/14 v3.0a eso-pic (RN)
\ESO@tempdima=\dimen152
\ESO@tempdimb=\dimen153

(C:/Users/ASUS/AppData/Local/Programs/MiKTeX/tex/latex/xcolor/xcolor.sty
Package: xcolor 2022/06/12 v2.14 LaTeX color extensions (UK)

(C:/Users/ASUS/AppData/Local/Programs/MiKTeX/tex/latex/graphics-cfg/color.cfg
File: color.cfg 2016/01/02 v1.6 sample color configuration
)
Package xcolor Info: Driver file: luatex.def on input line 227.

(C:/Users/ASUS/AppData/Local/Programs/MiKTeX/tex/latex/graphics-def/luatex.def
File: luatex.def 2022/09/22 v1.2d Graphics/color driver for luatex
) (C:/Users/ASUS/AppData/Local/Programs/MiKTeX/tex/latex/graphics/mathcolor.ltx
)
Package xcolor Info: Model `cmy' substituted by `cmy0' on input line 1353.
Package xcolor Info: Model `hsb' substituted by `rgb' on input line 1357.
Package xcolor Info: Model `RGB' extended on input line 1369.
Package xcolor Info: Model `HTML' substituted by `rgb' on input line 1371.
Package xcolor Info: Model `Hsb' substituted by `hsb' on input line 1372.
Package xcolor Info: Model `tHsb' substituted by `hsb' on input line 1373.
Package xcolor Info: Model `HSB' substituted by `hsb' on input line 1374.
Package xcolor Info: Model `Gray' substituted by `gray' on input line 1375.
Package xcolor Info: Model `wave' substituted by `hsb' on input line 1376.
)) (C:/Users/ASUS/AppData/Local/Programs/MiKTeX/tex/latex/graphics/graphicx.sty
Package: graphicx 2021/09/16 v1.2d Enhanced LaTeX Graphics (DPC,SPQR)
(C:/Users/ASUS/AppData/Local/Programs/MiKTeX/tex/latex/graphics/graphics.sty
Package: graphics 2022/03/10 v1.4e Standard LaTeX Graphics (DPC,SPQR)

(C:/Users/ASUS/AppData/Local/Programs/MiKTeX/tex/latex/graphics/trig.sty
Package: trig 2021/08/11 v1.11 sin cos tan (DPC)
)
(C:/Users/ASUS/AppData/Local/Programs/MiKTeX/tex/latex/graphics-cfg/graphics.cf
g
File: graphics.cfg 2016/06/04 v1.11 sample graphics configuration
)
Package graphics Info: Driver file: luatex.def on input line 107.
)
\Gin@req@height=\dimen154
\Gin@req@width=\dimen155
)
\AM@pagewidth=\dimen156
\AM@pageheight=\dimen157
\AM@fboxrule=\dimen158

(C:/Users/ASUS/AppData/Local/Programs/MiKTeX/tex/latex/pdfpages/ppluatex.def
File: ppluatex.def 2022/12/19 v0.5x Pdfpages driver for LuaTeX (AM)
)
\pdfpages@includegraphics@status=\count199
\AM@pagebox=\box52
\AM@global@opts=\toks19
\AM@pagecnt=\count266
\AM@toc@title=\toks20
\AM@lof@heading=\toks21
\c@AM@survey=\count267
\AM@templatesizebox=\box53
)
(C:/Users/ASUS/AppData/Local/Programs/MiKTeX/tex/latex/tocloft/tocloft.sty
Package: tocloft 2017/08/31 v2.3i parameterised ToC, etc., typesetting
Package tocloft Info: The document has chapter divisions on input line 51.
\cftparskip=\skip55
\cftbeforetoctitleskip=\skip56
\cftaftertoctitleskip=\skip57
\cftbeforepartskip=\skip58
\cftpartnumwidth=\skip59
\cftpartindent=\skip60
\cftbeforechapskip=\skip61
\cftchapindent=\skip62
\cftchapnumwidth=\skip63
\cftbeforesecskip=\skip64
\cftsecindent=\skip65
\cftsecnumwidth=\skip66
\cftbeforesubsecskip=\skip67
\cftsubsecindent=\skip68
\cftsubsecnumwidth=\skip69
\cftbeforesubsubsecskip=\skip70
\cftsubsubsecindent=\skip71
\cftsubsubsecnumwidth=\skip72
\cftbeforeparaskip=\skip73
\cftparaindent=\skip74
\cftparanumwidth=\skip75
\cftbeforesubparaskip=\skip76
\cftsubparaindent=\skip77
\cftsubparanumwidth=\skip78
\cftbeforeloftitleskip=\skip79
\cftafterloftitleskip=\skip80
\cftbeforefigskip=\skip81
\cftfigindent=\skip82
\cftfignumwidth=\skip83
\c@lofdepth=\count268
\c@lotdepth=\count269
\cftbeforelottitleskip=\skip84
\cftafterlottitleskip=\skip85
\cftbeforetabskip=\skip86
\cfttabindent=\skip87
\cfttabnumwidth=\skip88
)
(C:/Users/ASUS/AppData/Local/Programs/MiKTeX/tex/latex/siunitx/siunitx.sty

C:/Users/ASUS/AppData/Local/Programs/MiKTeX/tex/latex/siunitx/siunitx.sty:44: P
ackage siunitx Error: Support package expl3 too old.

See the siunitx package documentation for explanation.
Type  H <return>  for immediate help.
 ...                                              
                                                  
l.44   }
      %
You need to update your installation of the bundles 'l3kernel' and 'l3packages'
.
Loading\nobreakspace {}siunitx\nobreakspace {}will\nobreakspace {}abort!

)
(C:/Users/ASUS/AppData/Local/Programs/MiKTeX/tex/latex/circuitikz/circuitikz.st
y
Package: circuitikz 2023/02/11{} The CircuiTikz circuit drawing package version
 1.6.1

(C:/Users/ASUS/AppData/Local/Programs/MiKTeX/tex/latex/pgf/frontendlayer/tikz.s
ty
(C:/Users/ASUS/AppData/Local/Programs/MiKTeX/tex/latex/pgf/basiclayer/pgf.sty
(C:/Users/ASUS/AppData/Local/Programs/MiKTeX/tex/latex/pgf/utilities/pgfrcs.sty

(C:/Users/ASUS/AppData/Local/Programs/MiKTeX/tex/generic/pgf/utilities/pgfutil-
common.tex
\pgfutil@everybye=\toks22
\pgfutil@tempdima=\dimen159
\pgfutil@tempdimb=\dimen160

(C:/Users/ASUS/AppData/Local/Programs/MiKTeX/tex/generic/pgf/utilities/pgfutil-
common-lists.tex))
(C:/Users/ASUS/AppData/Local/Programs/MiKTeX/tex/generic/pgf/utilities/pgfutil-
latex.def
\pgfutil@abb=\box54
)
(C:/Users/ASUS/AppData/Local/Programs/MiKTeX/tex/generic/pgf/utilities/pgfrcs.c
ode.tex
(C:/Users/ASUS/AppData/Local/Programs/MiKTeX/tex/generic/pgf/pgf.revision.tex)
Package: pgfrcs 2021/05/15 v3.1.9a (3.1.9a)
))
Package: pgf 2021/05/15 v3.1.9a (3.1.9a)

(C:/Users/ASUS/AppData/Local/Programs/MiKTeX/tex/latex/pgf/basiclayer/pgfcore.s
ty
(C:/Users/ASUS/AppData/Local/Programs/MiKTeX/tex/latex/pgf/systemlayer/pgfsys.s
ty
(C:/Users/ASUS/AppData/Local/Programs/MiKTeX/tex/generic/pgf/systemlayer/pgfsys
.code.tex
Package: pgfsys 2021/05/15 v3.1.9a (3.1.9a)

(C:/Users/ASUS/AppData/Local/Programs/MiKTeX/tex/generic/pgf/utilities/pgfkeys.
code.tex
\pgfkeys@pathtoks=\toks23
\pgfkeys@temptoks=\toks24

(C:/Users/ASUS/AppData/Local/Programs/MiKTeX/tex/generic/pgf/utilities/pgfkeysf
iltered.code.tex
\pgfkeys@tmptoks=\toks25
))
\pgf@x=\dimen161
\pgf@y=\dimen162
\pgf@xa=\dimen163
\pgf@ya=\dimen164
\pgf@xb=\dimen165
\pgf@yb=\dimen166
\pgf@xc=\dimen167
\pgf@yc=\dimen168
\pgf@xd=\dimen169
\pgf@yd=\dimen170
\w@pgf@writea=\write3
\r@pgf@reada=\read2
\c@pgf@counta=\count270
\c@pgf@countb=\count271
\c@pgf@countc=\count272
\c@pgf@countd=\count273
\t@pgf@toka=\toks26
\t@pgf@tokb=\toks27
\t@pgf@tokc=\toks28
\pgf@sys@id@count=\count274

(C:/Users/ASUS/AppData/Local/Programs/MiKTeX/tex/generic/pgf/systemlayer/pgf.cf
g
File: pgf.cfg 2021/05/15 v3.1.9a (3.1.9a)
)
Driver file for pgf: pgfsys-luatex.def

(C:/Users/ASUS/AppData/Local/Programs/MiKTeX/tex/generic/pgf/systemlayer/pgfsys
-luatex.def
File: pgfsys-luatex.def 2021/05/15 v3.1.9a (3.1.9a)

(C:/Users/ASUS/AppData/Local/Programs/MiKTeX/tex/generic/pgf/systemlayer/pgfsys
-common-pdf.def
File: pgfsys-common-pdf.def 2021/05/15 v3.1.9a (3.1.9a)
)))
(C:/Users/ASUS/AppData/Local/Programs/MiKTeX/tex/generic/pgf/systemlayer/pgfsys
softpath.code.tex
File: pgfsyssoftpath.code.tex 2021/05/15 v3.1.9a (3.1.9a)
\pgfsyssoftpath@smallbuffer@items=\count275
\pgfsyssoftpath@bigbuffer@items=\count276
)
(C:/Users/ASUS/AppData/Local/Programs/MiKTeX/tex/generic/pgf/systemlayer/pgfsys
protocol.code.tex
File: pgfsysprotocol.code.tex 2021/05/15 v3.1.9a (3.1.9a)
))
(C:/Users/ASUS/AppData/Local/Programs/MiKTeX/tex/generic/pgf/basiclayer/pgfcore
.code.tex
Package: pgfcore 2021/05/15 v3.1.9a (3.1.9a)

(C:/Users/ASUS/AppData/Local/Programs/MiKTeX/tex/generic/pgf/math/pgfmath.code.
tex
(C:/Users/ASUS/AppData/Local/Programs/MiKTeX/tex/generic/pgf/math/pgfmathcalc.c
ode.tex
(C:/Users/ASUS/AppData/Local/Programs/MiKTeX/tex/generic/pgf/math/pgfmathutil.c
ode.tex)
(C:/Users/ASUS/AppData/Local/Programs/MiKTeX/tex/generic/pgf/math/pgfmathparser
.code.tex
\pgfmath@dimen=\dimen171
\pgfmath@count=\count277
\pgfmath@box=\box55
\pgfmath@toks=\toks29
\pgfmath@stack@operand=\toks30
\pgfmath@stack@operation=\toks31
)
(C:/Users/ASUS/AppData/Local/Programs/MiKTeX/tex/generic/pgf/math/pgfmathfuncti
ons.code.tex
(C:/Users/ASUS/AppData/Local/Programs/MiKTeX/tex/generic/pgf/math/pgfmathfuncti
ons.basic.code.tex)
(C:/Users/ASUS/AppData/Local/Programs/MiKTeX/tex/generic/pgf/math/pgfmathfuncti
ons.trigonometric.code.tex)
(C:/Users/ASUS/AppData/Local/Programs/MiKTeX/tex/generic/pgf/math/pgfmathfuncti
ons.random.code.tex)
(C:/Users/ASUS/AppData/Local/Programs/MiKTeX/tex/generic/pgf/math/pgfmathfuncti
ons.comparison.code.tex)
(C:/Users/ASUS/AppData/Local/Programs/MiKTeX/tex/generic/pgf/math/pgfmathfuncti
ons.base.code.tex)
(C:/Users/ASUS/AppData/Local/Programs/MiKTeX/tex/generic/pgf/math/pgfmathfuncti
ons.round.code.tex)
(C:/Users/ASUS/AppData/Local/Programs/MiKTeX/tex/generic/pgf/math/pgfmathfuncti
ons.misc.code.tex)
(C:/Users/ASUS/AppData/Local/Programs/MiKTeX/tex/generic/pgf/math/pgfmathfuncti
ons.integerarithmetics.code.tex)))
(C:/Users/ASUS/AppData/Local/Programs/MiKTeX/tex/generic/pgf/math/pgfmathfloat.
code.tex
\c@pgfmathroundto@lastzeros=\count278
))
(C:/Users/ASUS/AppData/Local/Programs/MiKTeX/tex/generic/pgf/math/pgfint.code.t
ex)
(C:/Users/ASUS/AppData/Local/Programs/MiKTeX/tex/generic/pgf/basiclayer/pgfcore
points.code.tex
File: pgfcorepoints.code.tex 2021/05/15 v3.1.9a (3.1.9a)
\pgf@picminx=\dimen172
\pgf@picmaxx=\dimen173
\pgf@picminy=\dimen174
\pgf@picmaxy=\dimen175
\pgf@pathminx=\dimen176
\pgf@pathmaxx=\dimen177
\pgf@pathminy=\dimen178
\pgf@pathmaxy=\dimen179
\pgf@xx=\dimen180
\pgf@xy=\dimen181
\pgf@yx=\dimen182
\pgf@yy=\dimen183
\pgf@zx=\dimen184
\pgf@zy=\dimen185
)
(C:/Users/ASUS/AppData/Local/Programs/MiKTeX/tex/generic/pgf/basiclayer/pgfcore
pathconstruct.code.tex
File: pgfcorepathconstruct.code.tex 2021/05/15 v3.1.9a (3.1.9a)
\pgf@path@lastx=\dimen186
\pgf@path@lasty=\dimen187
)
(C:/Users/ASUS/AppData/Local/Programs/MiKTeX/tex/generic/pgf/basiclayer/pgfcore
pathusage.code.tex
File: pgfcorepathusage.code.tex 2021/05/15 v3.1.9a (3.1.9a)
\pgf@shorten@end@additional=\dimen188
\pgf@shorten@start@additional=\dimen189
)
(C:/Users/ASUS/AppData/Local/Programs/MiKTeX/tex/generic/pgf/basiclayer/pgfcore
scopes.code.tex
File: pgfcorescopes.code.tex 2021/05/15 v3.1.9a (3.1.9a)
\pgfpic=\box56
\pgf@hbox=\box57
\pgf@layerbox@main=\box58
\pgf@picture@serial@count=\count279
)
(C:/Users/ASUS/AppData/Local/Programs/MiKTeX/tex/generic/pgf/basiclayer/pgfcore
graphicstate.code.tex
File: pgfcoregraphicstate.code.tex 2021/05/15 v3.1.9a (3.1.9a)
\pgflinewidth=\dimen190
)
(C:/Users/ASUS/AppData/Local/Programs/MiKTeX/tex/generic/pgf/basiclayer/pgfcore
transformations.code.tex
File: pgfcoretransformations.code.tex 2021/05/15 v3.1.9a (3.1.9a)
\pgf@pt@x=\dimen191
\pgf@pt@y=\dimen192
\pgf@pt@temp=\dimen193
)
(C:/Users/ASUS/AppData/Local/Programs/MiKTeX/tex/generic/pgf/basiclayer/pgfcore
quick.code.tex
File: pgfcorequick.code.tex 2021/05/15 v3.1.9a (3.1.9a)
)
(C:/Users/ASUS/AppData/Local/Programs/MiKTeX/tex/generic/pgf/basiclayer/pgfcore
objects.code.tex
File: pgfcoreobjects.code.tex 2021/05/15 v3.1.9a (3.1.9a)
)
(C:/Users/ASUS/AppData/Local/Programs/MiKTeX/tex/generic/pgf/basiclayer/pgfcore
pathprocessing.code.tex
File: pgfcorepathprocessing.code.tex 2021/05/15 v3.1.9a (3.1.9a)
)
(C:/Users/ASUS/AppData/Local/Programs/MiKTeX/tex/generic/pgf/basiclayer/pgfcore
arrows.code.tex
File: pgfcorearrows.code.tex 2021/05/15 v3.1.9a (3.1.9a)
\pgfarrowsep=\dimen194
)
(C:/Users/ASUS/AppData/Local/Programs/MiKTeX/tex/generic/pgf/basiclayer/pgfcore
shade.code.tex
File: pgfcoreshade.code.tex 2021/05/15 v3.1.9a (3.1.9a)
\pgf@max=\dimen195
\pgf@sys@shading@range@num=\count280
\pgf@shadingcount=\count281
)
(C:/Users/ASUS/AppData/Local/Programs/MiKTeX/tex/generic/pgf/basiclayer/pgfcore
image.code.tex
File: pgfcoreimage.code.tex 2021/05/15 v3.1.9a (3.1.9a)

(C:/Users/ASUS/AppData/Local/Programs/MiKTeX/tex/generic/pgf/basiclayer/pgfcore
external.code.tex
File: pgfcoreexternal.code.tex 2021/05/15 v3.1.9a (3.1.9a)
\pgfexternal@startupbox=\box59
))
(C:/Users/ASUS/AppData/Local/Programs/MiKTeX/tex/generic/pgf/basiclayer/pgfcore
layers.code.tex
File: pgfcorelayers.code.tex 2021/05/15 v3.1.9a (3.1.9a)
)
(C:/Users/ASUS/AppData/Local/Programs/MiKTeX/tex/generic/pgf/basiclayer/pgfcore
transparency.code.tex
File: pgfcoretransparency.code.tex 2021/05/15 v3.1.9a (3.1.9a)
)
(C:/Users/ASUS/AppData/Local/Programs/MiKTeX/tex/generic/pgf/basiclayer/pgfcore
patterns.code.tex
File: pgfcorepatterns.code.tex 2021/05/15 v3.1.9a (3.1.9a)
)
(C:/Users/ASUS/AppData/Local/Programs/MiKTeX/tex/generic/pgf/basiclayer/pgfcore
rdf.code.tex
File: pgfcorerdf.code.tex 2021/05/15 v3.1.9a (3.1.9a)
)))
(C:/Users/ASUS/AppData/Local/Programs/MiKTeX/tex/generic/pgf/modules/pgfmodules
hapes.code.tex
File: pgfmoduleshapes.code.tex 2021/05/15 v3.1.9a (3.1.9a)
\pgfnodeparttextbox=\box60
)
(C:/Users/ASUS/AppData/Local/Programs/MiKTeX/tex/generic/pgf/modules/pgfmodulep
lot.code.tex
File: pgfmoduleplot.code.tex 2021/05/15 v3.1.9a (3.1.9a)
)
(C:/Users/ASUS/AppData/Local/Programs/MiKTeX/tex/latex/pgf/compatibility/pgfcom
p-version-0-65.sty
Package: pgfcomp-version-0-65 2021/05/15 v3.1.9a (3.1.9a)
\pgf@nodesepstart=\dimen196
\pgf@nodesepend=\dimen197
)
(C:/Users/ASUS/AppData/Local/Programs/MiKTeX/tex/latex/pgf/compatibility/pgfcom
p-version-1-18.sty
Package: pgfcomp-version-1-18 2021/05/15 v3.1.9a (3.1.9a)
))
(C:/Users/ASUS/AppData/Local/Programs/MiKTeX/tex/latex/pgf/utilities/pgffor.sty

(C:/Users/ASUS/AppData/Local/Programs/MiKTeX/tex/latex/pgf/utilities/pgfkeys.st
y
(C:/Users/ASUS/AppData/Local/Programs/MiKTeX/tex/generic/pgf/utilities/pgfkeys.
code.tex))
(C:/Users/ASUS/AppData/Local/Programs/MiKTeX/tex/latex/pgf/math/pgfmath.sty
(C:/Users/ASUS/AppData/Local/Programs/MiKTeX/tex/generic/pgf/math/pgfmath.code.
tex))
(C:/Users/ASUS/AppData/Local/Programs/MiKTeX/tex/generic/pgf/utilities/pgffor.c
ode.tex
Package: pgffor 2021/05/15 v3.1.9a (3.1.9a)

(C:/Users/ASUS/AppData/Local/Programs/MiKTeX/tex/generic/pgf/math/pgfmath.code.
tex)
\pgffor@iter=\dimen198
\pgffor@skip=\dimen199
\pgffor@stack=\toks32
\pgffor@toks=\toks33
))
(C:/Users/ASUS/AppData/Local/Programs/MiKTeX/tex/generic/pgf/frontendlayer/tikz
/tikz.code.tex
Package: tikz 2021/05/15 v3.1.9a (3.1.9a)

(C:/Users/ASUS/AppData/Local/Programs/MiKTeX/tex/generic/pgf/libraries/pgflibra
ryplothandlers.code.tex
File: pgflibraryplothandlers.code.tex 2021/05/15 v3.1.9a (3.1.9a)
\pgf@plot@mark@count=\count282
\pgfplotmarksize=\dimen256
)
\tikz@lastx=\dimen257
\tikz@lasty=\dimen258
\tikz@lastxsaved=\dimen259
\tikz@lastysaved=\dimen260
\tikz@lastmovetox=\dimen261
\tikz@lastmovetoy=\dimen262
\tikzleveldistance=\dimen263
\tikzsiblingdistance=\dimen264
\tikz@figbox=\box61
\tikz@figbox@bg=\box62
\tikz@tempbox=\box63
\tikz@tempbox@bg=\box64
\tikztreelevel=\count283
\tikznumberofchildren=\count284
\tikznumberofcurrentchild=\count285
\tikz@fig@count=\count286

(C:/Users/ASUS/AppData/Local/Programs/MiKTeX/tex/generic/pgf/modules/pgfmodulem
atrix.code.tex
File: pgfmodulematrix.code.tex 2021/05/15 v3.1.9a (3.1.9a)
\pgfmatrixcurrentrow=\count287
\pgfmatrixcurrentcolumn=\count288
\pgf@matrix@numberofcolumns=\count289
)
\tikz@expandcount=\count290

(C:/Users/ASUS/AppData/Local/Programs/MiKTeX/tex/generic/pgf/frontendlayer/tikz
/libraries/tikzlibrarytopaths.code.tex
File: tikzlibrarytopaths.code.tex 2021/05/15 v3.1.9a (3.1.9a)
)))
(C:/Users/ASUS/AppData/Local/Programs/MiKTeX/tex/generic/pgf/frontendlayer/tikz
/libraries/tikzlibrarycalc.code.tex
File: tikzlibrarycalc.code.tex 2021/05/15 v3.1.9a (3.1.9a)
)
(C:/Users/ASUS/AppData/Local/Programs/MiKTeX/tex/generic/pgf/libraries/pgflibra
ryarrows.meta.code.tex
File: pgflibraryarrows.meta.code.tex 2021/05/15 v3.1.9a (3.1.9a)
\pgfarrowinset=\dimen265
\pgfarrowlength=\dimen266
\pgfarrowwidth=\dimen267
\pgfarrowlinewidth=\dimen268
)
(C:/Users/ASUS/AppData/Local/Programs/MiKTeX/tex/generic/pgf/frontendlayer/tikz
/libraries/tikzlibrarybending.code.tex
File: tikzlibrarybending.code.tex 2021/05/15 v3.1.9a (3.1.9a)

(C:/Users/ASUS/AppData/Local/Programs/MiKTeX/tex/generic/pgf/modules/pgfmoduleb
ending.code.tex
File: pgfmodulebending.code.tex 2021/05/15 v3.1.9a (3.1.9a)

(C:/Users/ASUS/AppData/Local/Programs/MiKTeX/tex/generic/pgf/modules/pgfmodulen
onlineartransformations.code.tex
File: pgfmodulenonlineartransformations.code.tex 2021/05/15 v3.1.9a (3.1.9a)
\pgftransformnonlinearflatness=\dimen269
)
(C:/Users/ASUS/AppData/Local/Programs/MiKTeX/tex/generic/pgf/libraries/pgflibra
rycurvilinear.code.tex
File: pgflibrarycurvilinear.code.tex 2021/05/15 v3.1.9a (3.1.9a)
\pgf@curvilinear@time@a=\dimen270
\pgf@curvilinear@length@a=\dimen271
\pgf@curvilinear@length@b=\dimen272
\pgf@curvilinear@length@c=\dimen273
\pgf@curvilinear@length@d=\dimen274
)
\pgf@arrows@the@rigidity=\dimen275
))
(C:/Users/ASUS/AppData/Local/Programs/MiKTeX/tex/generic/pgf/frontendlayer/tikz
/libraries/tikzlibraryfpu.code.tex
(C:/Users/ASUS/AppData/Local/Programs/MiKTeX/tex/generic/pgf/libraries/pgflibra
ryfpu.code.tex))
(C:/Users/ASUS/AppData/Local/Programs/MiKTeX/tex/generic/circuitikz/pgfcirc.def
ines.tex
\pgf@circ@count@a=\count291
\pgf@circ@count@b=\count292
\pgf@circ@count@c=\count293
\pgf@circ@res@up=\dimen276
\pgf@circ@res@down=\dimen277
\pgf@circ@res@zero=\dimen278
\pgf@circ@res@left=\dimen279
\pgf@circ@res@right=\dimen280
\pgf@circ@res@other=\dimen281
\pgf@circ@res@step=\dimen282
\pgf@circ@res@temp=\dimen283
\pgf@circ@Rlen=\dimen284
\pgf@circ@scaled@Rlen=\dimen285
\pgfstartlinewidth=\dimen286
)
(C:/Users/ASUS/AppData/Local/Programs/MiKTeX/tex/generic/circuitikz/pgfcircutil
s.tex
\ctikz@scratchbox=\box65
)
(C:/Users/ASUS/AppData/Local/Programs/MiKTeX/tex/generic/circuitikz/pgfcircpath
.tex)
(C:/Users/ASUS/AppData/Local/Programs/MiKTeX/tex/generic/circuitikz/pgfcircshap
es.tex)
(C:/Users/ASUS/AppData/Local/Programs/MiKTeX/tex/generic/circuitikz/pgfcircmono
poles.tex)
(C:/Users/ASUS/AppData/Local/Programs/MiKTeX/tex/generic/circuitikz/pgfcircbipo
les.tex)
(C:/Users/ASUS/AppData/Local/Programs/MiKTeX/tex/generic/circuitikz/pgfcirctrip
oles.tex
\pgf@circ@res@count=\count294
)
(C:/Users/ASUS/AppData/Local/Programs/MiKTeX/tex/generic/circuitikz/pgfcircquad
poles.tex)
(C:/Users/ASUS/AppData/Local/Programs/MiKTeX/tex/generic/circuitikz/pgfcircmult
ipoles.tex)
(C:/Users/ASUS/AppData/Local/Programs/MiKTeX/tex/generic/circuitikz/pgfcirclabe
l.tex)
(C:/Users/ASUS/AppData/Local/Programs/MiKTeX/tex/generic/circuitikz/pgfcircvolt
age.tex
\pgfcirc@labelshift=\dimen287
)
(C:/Users/ASUS/AppData/Local/Programs/MiKTeX/tex/generic/circuitikz/pgfcirccurr
ent.tex)
(C:/Users/ASUS/AppData/Local/Programs/MiKTeX/tex/generic/circuitikz/pgfcircflow
.tex))
(C:/Users/ASUS/AppData/Local/Programs/MiKTeX/tex/latex/amsmath/amsmath.sty
Package: amsmath 2022/04/08 v2.17n AMS math features
\@mathmargin=\skip89

For additional information on amsmath, use the `?' option.
(C:/Users/ASUS/AppData/Local/Programs/MiKTeX/tex/latex/amsmath/amstext.sty
Package: amstext 2021/08/26 v2.01 AMS text

(C:/Users/ASUS/AppData/Local/Programs/MiKTeX/tex/latex/amsmath/amsgen.sty
File: amsgen.sty 1999/11/30 v2.0 generic functions
\@emptytoks=\toks34
\ex@=\dimen288
))
(C:/Users/ASUS/AppData/Local/Programs/MiKTeX/tex/latex/amsmath/amsbsy.sty
Package: amsbsy 1999/11/29 v1.2d Bold Symbols
\pmbraise@=\dimen289
)
(C:/Users/ASUS/AppData/Local/Programs/MiKTeX/tex/latex/amsmath/amsopn.sty
Package: amsopn 2022/04/08 v2.04 operator names
)
\inf@bad=\count295
LaTeX Info: Redefining \frac on input line 236.
\uproot@=\count296
\leftroot@=\count297
LaTeX Info: Redefining \overline on input line 399.
LaTeX Info: Redefining \colon on input line 410.
\classnum@=\count298
\DOTSCASE@=\count299
LaTeX Info: Redefining \ldots on input line 496.
LaTeX Info: Redefining \dots on input line 499.
LaTeX Info: Redefining \cdots on input line 620.
\Mathstrutbox@=\box66
\strutbox@=\box67
LaTeX Info: Redefining \big on input line 722.
LaTeX Info: Redefining \Big on input line 723.
LaTeX Info: Redefining \bigg on input line 724.
LaTeX Info: Redefining \Bigg on input line 725.
\big@size=\dimen290
LaTeX Font Info:    Redeclaring font encoding OML on input line 743.
LaTeX Font Info:    Redeclaring font encoding OMS on input line 744.
\macc@depth=\count300
LaTeX Info: Redefining \bmod on input line 905.
LaTeX Info: Redefining \pmod on input line 910.
LaTeX Info: Redefining \smash on input line 940.
LaTeX Info: Redefining \relbar on input line 970.
LaTeX Info: Redefining \Relbar on input line 971.
\c@MaxMatrixCols=\count301
\dotsspace@=\muskip16
\c@parentequation=\count302
\dspbrk@lvl=\count303
\tag@help=\toks35
\row@=\count304
\column@=\count305
\maxfields@=\count306
\andhelp@=\toks36
\eqnshift@=\dimen291
\alignsep@=\dimen292
\tagshift@=\dimen293
\tagwidth@=\dimen294
\totwidth@=\dimen295
\lineht@=\dimen296
\@envbody=\toks37
\multlinegap=\skip90
\multlinetaggap=\skip91
\mathdisplay@stack=\toks38
LaTeX Info: Redefining \[ on input line 2953.
LaTeX Info: Redefining \] on input line 2954.
)
(C:/Users/ASUS/AppData/Local/Programs/MiKTeX/tex/latex/physics/physics.sty
Package: physics 

(C:/Users/ASUS/AppData/Local/Programs/MiKTeX/tex/latex/l3packages/xparse/xparse
.sty (C:/Users/ASUS/AppData/Local/Programs/MiKTeX/tex/latex/l3kernel/expl3.sty
Package: expl3 2022-11-02 L3 programming layer (loader) 

(C:/Users/ASUS/AppData/Local/Programs/MiKTeX/tex/latex/l3backend/l3backend-luat
ex.def
File: l3backend-luatex.def 2022-10-26 L3 backend support: PDF output (LuaTeX)
\l__color_backend_stack_int=\count307
\l__pdf_internal_box=\box68
))
Package: xparse 2022-06-22 L3 Experimental document command parser
))
(C:/Users/ASUS/AppData/Local/Programs/MiKTeX/tex/latex/placeins/placeins.sty
Package: placeins 2005/04/18  v 2.2
)
(C:/Users/ASUS/AppData/Local/Programs/MiKTeX/tex/latex/svg/svg.sty
Package: svg 2020/11/26 v2.02k (include SVG pictures)

(C:/Users/ASUS/AppData/Local/Programs/MiKTeX/tex/latex/koma-script/scrbase.sty
Package: scrbase 2022/10/12 v3.38 KOMA-Script package (KOMA-Script-independent 
basics and keyval usage)

(C:/Users/ASUS/AppData/Local/Programs/MiKTeX/tex/latex/koma-script/scrlfile.sty
Package: scrlfile 2022/10/12 v3.38 KOMA-Script package (file load hooks)

(C:/Users/ASUS/AppData/Local/Programs/MiKTeX/tex/latex/koma-script/scrlfile-hoo
k.sty
Package: scrlfile-hook 2022/10/12 v3.38 KOMA-Script package (using LaTeX hooks)


(C:/Users/ASUS/AppData/Local/Programs/MiKTeX/tex/latex/koma-script/scrlogo.sty
Package: scrlogo 2022/10/12 v3.38 KOMA-Script package (logo)
)))
Applying: [2021/05/01] Usage of raw or classic option list on input line 252.
Already applied: [0000/00/00] Usage of raw or classic option list on input line
 368.
)
(C:/Users/ASUS/AppData/Local/Programs/MiKTeX/tex/generic/pdftexcmds/pdftexcmds.
sty
Package: pdftexcmds 2020-06-27 v0.33 Utility functions of pdfTeX for LuaTeX (HO
)

(C:/Users/ASUS/AppData/Local/Programs/MiKTeX/tex/generic/infwarerr/infwarerr.st
y
Package: infwarerr 2019/12/03 v1.5 Providing info/warning/error messages (HO)
) (C:/Users/ASUS/AppData/Local/Programs/MiKTeX/tex/generic/ltxcmds/ltxcmds.sty
Package: ltxcmds 2020-05-10 v1.25 LaTeX kernel commands for general use (HO)
)
Package pdftexcmds Info: \pdf@primitive is available.
Package pdftexcmds Info: \pdf@ifprimitive is available.
Package pdftexcmds Info: \pdfdraftmode found.
\pdftexcmds@toks=\toks39
)
(C:/Users/ASUS/AppData/Local/Programs/MiKTeX/tex/latex/trimspaces/trimspaces.st
y
Package: trimspaces 2009/09/17 v1.1 Trim spaces around a token list
) (C:/Users/ASUS/AppData/Local/Programs/MiKTeX/tex/latex/tools/shellesc.sty
Package: shellesc 2019/11/08 v1.0c unified shell escape interface for LaTeX
Package shellesc Info: Unrestricted shell escape enabled on input line 75.
)
(C:/Users/ASUS/AppData/Local/Programs/MiKTeX/tex/latex/ifplatform/ifplatform.st
y
Package: ifplatform 2017/10/13 v0.4a Testing for the operating system

(C:/Users/ASUS/AppData/Local/Programs/MiKTeX/tex/generic/catchfile/catchfile.st
y
Package: catchfile 2019/12/09 v1.8 Catch the contents of a file (HO)

(C:/Users/ASUS/AppData/Local/Programs/MiKTeX/tex/generic/etexcmds/etexcmds.sty
Package: etexcmds 2019/12/15 v1.7 Avoid name clashes with e-TeX commands (HO)
)) (C:/Users/ASUS/AppData/Local/Programs/MiKTeX/tex/generic/iftex/ifluatex.sty
Package: ifluatex 2019/10/25 v1.5 ifluatex legacy package. Use iftex instead.
))
\c@svg@param@lastpage=\count308
\svg@box=\box69
\c@svg@param@currpage=\count309
)

! LaTeX Error: File `transparent.sty' not found.

Type X to quit or <RETURN> to proceed,
or enter new name. (Default extension: sty)

Enter file name: 
./preamble.tex:18: Emergency stop.
<read *> 
   
l.18 \usepackage
              {caption} % Better caption and linking behaviour.
*** (cannot \read from terminal in nonstop modes)



Here is how much of LuaTeX's memory you used:
 33245 strings out of 477250
 100000,1648299 words of node,token memory allocated 610 words of node memory still in use:
   3 hlist, 1 rule, 1 dir, 3 kern, 1 glyph, 5 attribute, 90 glue_spec, 5 attribu
te_list, 2 if_stack, 1 write, 1 pdf_colorstack nodes
   avail lists: 2:27,3:2,7:2,9:2
 53608 multiletter control sequences out of 65536+600000
 16 fonts using 806111 bytes
 104i,0n,93p,510b,104s stack positions out of 10000i,1000n,20000p,200000b,80000s
./preamble.tex:18:  ==> Fatal error occurred, no output PDF file produced!
