This is LuaHBTeX, Version 1.16.0 (MiKTeX 23.1) (format=lualatex 2023.3.10)  10 MAR 2023 17:57
 system commands enabled.
 file:line:error style messages enabled.
**c:/GIT/Oil_Heater_Simulation/report/report.tex
(c:/GIT/Oil_Heater_Simulation/report/report.tex
LaTeX2e <2022-11-01> patch level 1
Lua module: luaotfload 2022-10-03 3.23 Lua based OpenType font support
Lua module: lualibs 2022-10-04 2.75 ConTeXt Lua standard libraries.
Lua module: lualibs-extended 2022-10-04 2.75 ConTeXt Lua libraries -- extended c
ollection.
luaotfload | conf : Root cache directory is "C:/Users/ASUS/AppData/Local/MiKTeX/
luatex-cache/generic/names".
luaotfload | init : Loading fontloader "fontloader-2022-10-03.lua" from kpse-res
olved path "C:/Users/ASUS/AppData/Local/Programs/MiKTeX/tex/luatex/luaotfload/fo
ntloader-2022-10-03.lua".
Lua-only attribute luaotfload@noligature = 1
luaotfload | init : Context OpenType loader version 3.120
Inserting `luaotfload.node_processor' in `pre_linebreak_filter'.
Inserting `luaotfload.node_processor' in `hpack_filter'.
Inserting `luaotfload.glyph_stream' in `glyph_stream_provider'.
Inserting `luaotfload.define_font' in `define_font'.
Lua-only attribute luaotfload_color_attribute = 2
luaotfload | conf : Root cache directory is "C:/Users/ASUS/AppData/Local/MiKTeX/
luatex-cache/generic/names".
Inserting `luaotfload.harf.strip_prefix' in `find_opentype_file'.
Inserting `luaotfload.harf.strip_prefix' in `find_truetype_file'.
Removing  `luaotfload.glyph_stream' from `glyph_stream_provider'.
Inserting `luaotfload.harf.glyphstream' in `glyph_stream_provider'.
Inserting `luaotfload.harf.finalize_vlist' in `post_linebreak_filter'.
Inserting `luaotfload.harf.finalize_hlist' in `hpack_filter'.
Inserting `luaotfload.cleanup_files' in `wrapup_run'.
Inserting `luaotfload.harf.finalize_unicode' in `finish_pdffile'.
Inserting `luaotfload.glyphinfo' in `glyph_info'.
Lua-only attribute luaotfload.letterspace_done = 3
Inserting `luaotfload.aux.set_sscale_dimens' in `luaotfload.patch_font'.
Inserting `luaotfload.aux.set_font_index' in `luaotfload.patch_font'.
Inserting `luaotfload.aux.patch_cambria_domh' in `luaotfload.patch_font'.
Inserting `luaotfload.aux.fixup_fontdata' in `luaotfload.patch_font_unsafe'.
Inserting `luaotfload.aux.set_capheight' in `luaotfload.patch_font'.
Inserting `luaotfload.aux.set_xheight' in `luaotfload.patch_font'.
Inserting `luaotfload.rewrite_fontname' in `luaotfload.patch_font'. L3 programm
ing layer <2023-02-07>
Inserting `tracingstacklevels' in `input_level_string'.
(C:/Users/ASUS/AppData/Local/Programs/MiKTeX/tex/latex/base/report.cls
Document Class: report 2022/07/02 v1.4n Standard LaTeX document class
(C:/Users/ASUS/AppData/Local/Programs/MiKTeX/tex/latex/base/size10.clo
File: size10.clo 2022/07/02 v1.4n Standard LaTeX file (size option)
luaotfload | db : Font names database loaded from C:/Users/ASUS/AppData/Local/Mi
KTeX/luatex-cache/generic/names/luaotfload-names.luc.gz)
\c@part=\count183
\c@chapter=\count184
\c@section=\count185
\c@subsection=\count186
\c@subsubsection=\count187
\c@paragraph=\count188
\c@subparagraph=\count189
\c@figure=\count190
\c@table=\count191
\abovecaptionskip=\skip48
\belowcaptionskip=\skip49
\bibindent=\dimen139
)
(C:/Users/ASUS/AppData/Local/Programs/MiKTeX/tex/latex/titling/titling.sty
Package: titling 2009/09/04 v2.1d maketitle typesetting
\thanksmarkwidth=\skip50
\thanksmargin=\skip51
\droptitle=\skip52
)
(./preamble.tex
(C:/Users/ASUS/AppData/Local/Programs/MiKTeX/tex/latex/geometry/geometry.sty
Package: geometry 2020/01/02 v5.9 Page Geometry

(C:/Users/ASUS/AppData/Local/Programs/MiKTeX/tex/latex/graphics/keyval.sty
Package: keyval 2022/05/29 v1.15 key=value parser (DPC)
\KV@toks@=\toks16
)
(C:/Users/ASUS/AppData/Local/Programs/MiKTeX/tex/generic/iftex/ifvtex.sty
Package: ifvtex 2019/10/25 v1.7 ifvtex legacy package. Use iftex instead.

(C:/Users/ASUS/AppData/Local/Programs/MiKTeX/tex/generic/iftex/iftex.sty
Package: iftex 2022/02/03 v1.0f TeX engine tests
))
\Gm@cnth=\count192
\Gm@cntv=\count193
\c@Gm@tempcnt=\count194
\Gm@bindingoffset=\dimen140
\Gm@wd@mp=\dimen141
\Gm@odd@mp=\dimen142
\Gm@even@mp=\dimen143
\Gm@layoutwidth=\dimen144
\Gm@layoutheight=\dimen145
\Gm@layouthoffset=\dimen146
\Gm@layoutvoffset=\dimen147
\Gm@dimlist=\toks17

(C:/Users/ASUS/AppData/Local/Programs/MiKTeX/tex/latex/geometry/geometry.cfg))
(C:/Users/ASUS/AppData/Local/Programs/MiKTeX/tex/latex/tools/indentfirst.sty
Package: indentfirst 1995/11/23 v1.03 Indent first paragraph (DPC)
)
(C:/Users/ASUS/AppData/Local/Programs/MiKTeX/tex/latex/setspace/setspace.sty
Package: setspace 2022/12/04 v6.7b set line spacing
)
(C:/Users/ASUS/AppData/Local/Programs/MiKTeX/tex/latex/wrapfig/wrapfig.sty
\wrapoverhang=\dimen148
\WF@size=\dimen149
\c@WF@wrappedlines=\count195
\WF@box=\box51
\WF@everypar=\toks18
Package: wrapfig 2003/01/31  v 3.6
)
(C:/Users/ASUS/AppData/Local/Programs/MiKTeX/tex/latex/base/fontenc.sty
Package: fontenc 2021/04/29 v2.0v Standard LaTeX package
LaTeX Font Info:    Trying to load font information for T1+lmr on input line 11
2.

(C:/Users/ASUS/AppData/Local/Programs/MiKTeX/tex/latex/lm/t1lmr.fd
File: t1lmr.fd 2015/05/01 v1.6.1 Font defs for Latin Modern
))
(C:/Users/ASUS/AppData/Local/Programs/MiKTeX/tex/latex/pdfpages/pdfpages.sty
Package: pdfpages 2022/12/19 v0.5x Insert pages of external PDF documents (AM)

(C:/Users/ASUS/AppData/Local/Programs/MiKTeX/tex/latex/base/ifthen.sty
Package: ifthen 2022/04/13 v1.1d Standard LaTeX ifthen package (DPC)
)
(C:/Users/ASUS/AppData/Local/Programs/MiKTeX/tex/latex/tools/calc.sty
Package: calc 2017/05/25 v4.3 Infix arithmetic (KKT,FJ)
\calc@Acount=\count196
\calc@Bcount=\count197
\calc@Adimen=\dimen150
\calc@Bdimen=\dimen151
\calc@Askip=\skip53
\calc@Bskip=\skip54
LaTeX Info: Redefining \setlength on input line 80.
LaTeX Info: Redefining \addtolength on input line 81.
\calc@Ccount=\count198
\calc@Cskip=\skip55
)
(C:/Users/ASUS/AppData/Local/Programs/MiKTeX/tex/latex/eso-pic/eso-pic.sty
Package: eso-pic 2020/10/14 v3.0a eso-pic (RN)
\ESO@tempdima=\dimen152
\ESO@tempdimb=\dimen153

(C:/Users/ASUS/AppData/Local/Programs/MiKTeX/tex/latex/xcolor/xcolor.sty
Package: xcolor 2022/06/12 v2.14 LaTeX color extensions (UK)

(C:/Users/ASUS/AppData/Local/Programs/MiKTeX/tex/latex/graphics-cfg/color.cfg
File: color.cfg 2016/01/02 v1.6 sample color configuration
)
Package xcolor Info: Driver file: luatex.def on input line 227.

(C:/Users/ASUS/AppData/Local/Programs/MiKTeX/tex/latex/graphics-def/luatex.def
File: luatex.def 2022/09/22 v1.2d Graphics/color driver for luatex
) (C:/Users/ASUS/AppData/Local/Programs/MiKTeX/tex/latex/graphics/mathcolor.ltx
)
Package xcolor Info: Model `cmy' substituted by `cmy0' on input line 1353.
Package xcolor Info: Model `hsb' substituted by `rgb' on input line 1357.
Package xcolor Info: Model `RGB' extended on input line 1369.
Package xcolor Info: Model `HTML' substituted by `rgb' on input line 1371.
Package xcolor Info: Model `Hsb' substituted by `hsb' on input line 1372.
Package xcolor Info: Model `tHsb' substituted by `hsb' on input line 1373.
Package xcolor Info: Model `HSB' substituted by `hsb' on input line 1374.
Package xcolor Info: Model `Gray' substituted by `gray' on input line 1375.
Package xcolor Info: Model `wave' substituted by `hsb' on input line 1376.
)) (C:/Users/ASUS/AppData/Local/Programs/MiKTeX/tex/latex/graphics/graphicx.sty
Package: graphicx 2021/09/16 v1.2d Enhanced LaTeX Graphics (DPC,SPQR)
(C:/Users/ASUS/AppData/Local/Programs/MiKTeX/tex/latex/graphics/graphics.sty
Package: graphics 2022/03/10 v1.4e Standard LaTeX Graphics (DPC,SPQR)

(C:/Users/ASUS/AppData/Local/Programs/MiKTeX/tex/latex/graphics/trig.sty
Package: trig 2021/08/11 v1.11 sin cos tan (DPC)
)
(C:/Users/ASUS/AppData/Local/Programs/MiKTeX/tex/latex/graphics-cfg/graphics.cf
g
File: graphics.cfg 2016/06/04 v1.11 sample graphics configuration
)
Package graphics Info: Driver file: luatex.def on input line 107.
)
\Gin@req@height=\dimen154
\Gin@req@width=\dimen155
)
\AM@pagewidth=\dimen156
\AM@pageheight=\dimen157
\AM@fboxrule=\dimen158

(C:/Users/ASUS/AppData/Local/Programs/MiKTeX/tex/latex/pdfpages/ppluatex.def
File: ppluatex.def 2022/12/19 v0.5x Pdfpages driver for LuaTeX (AM)
)
\pdfpages@includegraphics@status=\count199
\AM@pagebox=\box52
\AM@global@opts=\toks19
\AM@pagecnt=\count266
\AM@toc@title=\toks20
\AM@lof@heading=\toks21
\c@AM@survey=\count267
\AM@templatesizebox=\box53
)
(C:/Users/ASUS/AppData/Local/Programs/MiKTeX/tex/latex/tocloft/tocloft.sty
Package: tocloft 2017/08/31 v2.3i parameterised ToC, etc., typesetting
Package tocloft Info: The document has chapter divisions on input line 51.
\cftparskip=\skip56
\cftbeforetoctitleskip=\skip57
\cftaftertoctitleskip=\skip58
\cftbeforepartskip=\skip59
\cftpartnumwidth=\skip60
\cftpartindent=\skip61
\cftbeforechapskip=\skip62
\cftchapindent=\skip63
\cftchapnumwidth=\skip64
\cftbeforesecskip=\skip65
\cftsecindent=\skip66
\cftsecnumwidth=\skip67
\cftbeforesubsecskip=\skip68
\cftsubsecindent=\skip69
\cftsubsecnumwidth=\skip70
\cftbeforesubsubsecskip=\skip71
\cftsubsubsecindent=\skip72
\cftsubsubsecnumwidth=\skip73
\cftbeforeparaskip=\skip74
\cftparaindent=\skip75
\cftparanumwidth=\skip76
\cftbeforesubparaskip=\skip77
\cftsubparaindent=\skip78
\cftsubparanumwidth=\skip79
\cftbeforeloftitleskip=\skip80
\cftafterloftitleskip=\skip81
\cftbeforefigskip=\skip82
\cftfigindent=\skip83
\cftfignumwidth=\skip84
\c@lofdepth=\count268
\c@lotdepth=\count269
\cftbeforelottitleskip=\skip85
\cftafterlottitleskip=\skip86
\cftbeforetabskip=\skip87
\cfttabindent=\skip88
\cfttabnumwidth=\skip89
)
(C:/Users/ASUS/AppData/Local/Programs/MiKTeX/tex/latex/siunitx/siunitx.sty
Package: siunitx 2023-02-21 v3.2.1 A comprehensive (SI) units package
\l__siunitx_angle_tmp_dim=\dimen159
\l__siunitx_angle_marker_box=\box54
\l__siunitx_angle_unit_box=\box55
\l__siunitx_compound_count_int=\count270

(C:/Users/ASUS/AppData/Local/Programs/MiKTeX/tex/latex/translations/translation
s.sty
Package: translations 2022/02/05 v1.12 internationalization of LaTeX2e packages
 (CN)

(C:/Users/ASUS/AppData/Local/Programs/MiKTeX/tex/latex/etoolbox/etoolbox.sty
Package: etoolbox 2020/10/05 v2.5k e-TeX tools for LaTeX (JAW)
\etb@tempcnta=\count271
)
(C:/Users/ASUS/AppData/Local/Programs/MiKTeX/tex/generic/pdftexcmds/pdftexcmds.
sty
Package: pdftexcmds 2020-06-27 v0.33 Utility functions of pdfTeX for LuaTeX (HO
)

(C:/Users/ASUS/AppData/Local/Programs/MiKTeX/tex/generic/infwarerr/infwarerr.st
y
Package: infwarerr 2019/12/03 v1.5 Providing info/warning/error messages (HO)
) (C:/Users/ASUS/AppData/Local/Programs/MiKTeX/tex/generic/ltxcmds/ltxcmds.sty
Package: ltxcmds 2020-05-10 v1.25 LaTeX kernel commands for general use (HO)
)
Package pdftexcmds Info: \pdf@primitive is available.
Package pdftexcmds Info: \pdf@ifprimitive is available.
Package pdftexcmds Info: \pdfdraftmode found.
\pdftexcmds@toks=\toks22
))
\l__siunitx_number_exponent_fixed_int=\count272
\l__siunitx_number_min_decimal_int=\count273
\l__siunitx_number_min_integer_int=\count274
\l__siunitx_number_round_precision_int=\count275
\l__siunitx_number_lower_threshold_int=\count276
\l__siunitx_number_upper_threshold_int=\count277
\l__siunitx_number_group_first_int=\count278
\l__siunitx_number_group_size_int=\count279
\l__siunitx_number_group_minimum_int=\count280
 (C:/Users/ASUS/AppData/Local/Programs/MiKTeX/tex/latex/amsmath/amstext.sty
Package: amstext 2021/08/26 v2.01 AMS text

(C:/Users/ASUS/AppData/Local/Programs/MiKTeX/tex/latex/amsmath/amsgen.sty
File: amsgen.sty 1999/11/30 v2.0 generic functions
\@emptytoks=\toks23
\ex@=\dimen160
))
\l__siunitx_table_tmp_box=\box56
\l__siunitx_table_tmp_dim=\dimen161
\l__siunitx_table_column_width_dim=\dimen162
\l__siunitx_table_integer_box=\box57
\l__siunitx_table_decimal_box=\box58
\l__siunitx_table_uncert_box=\box59
\l__siunitx_table_before_box=\box60
\l__siunitx_table_after_box=\box61
\l__siunitx_table_before_dim=\dimen163
\l__siunitx_table_carry_dim=\dimen164
\l__siunitx_unit_tmp_int=\count281
\l__siunitx_unit_position_int=\count282
\l__siunitx_unit_total_int=\count283

(C:/Users/ASUS/AppData/Local/Programs/MiKTeX/tex/latex/tools/array.sty
Package: array 2022/09/04 v2.5g Tabular extension package (FMi)
\col@sep=\dimen165
\ar@mcellbox=\box62
\extrarowheight=\dimen166
\NC@list=\toks24
\extratabsurround=\skip90
\backup@length=\skip91
\ar@cellbox=\box63
))
(C:/Users/ASUS/AppData/Local/Programs/MiKTeX/tex/latex/circuitikz/circuitikz.st
y
Package: circuitikz 2023/02/11{} The CircuiTikz circuit drawing package version
 1.6.1

(C:/Users/ASUS/AppData/Local/Programs/MiKTeX/tex/latex/pgf/frontendlayer/tikz.s
ty
(C:/Users/ASUS/AppData/Local/Programs/MiKTeX/tex/latex/pgf/basiclayer/pgf.sty
(C:/Users/ASUS/AppData/Local/Programs/MiKTeX/tex/latex/pgf/utilities/pgfrcs.sty

(C:/Users/ASUS/AppData/Local/Programs/MiKTeX/tex/generic/pgf/utilities/pgfutil-
common.tex
\pgfutil@everybye=\toks25
\pgfutil@tempdima=\dimen167
\pgfutil@tempdimb=\dimen168
)
(C:/Users/ASUS/AppData/Local/Programs/MiKTeX/tex/generic/pgf/utilities/pgfutil-
latex.def
\pgfutil@abb=\box64
)
(C:/Users/ASUS/AppData/Local/Programs/MiKTeX/tex/generic/pgf/utilities/pgfrcs.c
ode.tex
(C:/Users/ASUS/AppData/Local/Programs/MiKTeX/tex/generic/pgf/pgf.revision.tex)
Package: pgfrcs 2023-01-15 v3.1.10 (3.1.10)
))
Package: pgf 2023-01-15 v3.1.10 (3.1.10)

(C:/Users/ASUS/AppData/Local/Programs/MiKTeX/tex/latex/pgf/basiclayer/pgfcore.s
ty
(C:/Users/ASUS/AppData/Local/Programs/MiKTeX/tex/latex/pgf/systemlayer/pgfsys.s
ty
(C:/Users/ASUS/AppData/Local/Programs/MiKTeX/tex/generic/pgf/systemlayer/pgfsys
.code.tex
Package: pgfsys 2023-01-15 v3.1.10 (3.1.10)

(C:/Users/ASUS/AppData/Local/Programs/MiKTeX/tex/generic/pgf/utilities/pgfkeys.
code.tex
\pgfkeys@pathtoks=\toks26
\pgfkeys@temptoks=\toks27

(C:/Users/ASUS/AppData/Local/Programs/MiKTeX/tex/generic/pgf/utilities/pgfkeysl
ibraryfiltered.code.tex
\pgfkeys@tmptoks=\toks28
))
\pgf@x=\dimen169
\pgf@y=\dimen170
\pgf@xa=\dimen171
\pgf@ya=\dimen172
\pgf@xb=\dimen173
\pgf@yb=\dimen174
\pgf@xc=\dimen175
\pgf@yc=\dimen176
\pgf@xd=\dimen177
\pgf@yd=\dimen178
\w@pgf@writea=\write3
\r@pgf@reada=\read2
\c@pgf@counta=\count284
\c@pgf@countb=\count285
\c@pgf@countc=\count286
\c@pgf@countd=\count287
\t@pgf@toka=\toks29
\t@pgf@tokb=\toks30
\t@pgf@tokc=\toks31
\pgf@sys@id@count=\count288

(C:/Users/ASUS/AppData/Local/Programs/MiKTeX/tex/generic/pgf/systemlayer/pgf.cf
g
File: pgf.cfg 2023-01-15 v3.1.10 (3.1.10)
)
Driver file for pgf: pgfsys-luatex.def

(C:/Users/ASUS/AppData/Local/Programs/MiKTeX/tex/generic/pgf/systemlayer/pgfsys
-luatex.def
File: pgfsys-luatex.def 2023-01-15 v3.1.10 (3.1.10)

(C:/Users/ASUS/AppData/Local/Programs/MiKTeX/tex/generic/pgf/systemlayer/pgfsys
-common-pdf.def
File: pgfsys-common-pdf.def 2023-01-15 v3.1.10 (3.1.10)
)))
(C:/Users/ASUS/AppData/Local/Programs/MiKTeX/tex/generic/pgf/systemlayer/pgfsys
softpath.code.tex
File: pgfsyssoftpath.code.tex 2023-01-15 v3.1.10 (3.1.10)
\pgfsyssoftpath@smallbuffer@items=\count289
\pgfsyssoftpath@bigbuffer@items=\count290
)
(C:/Users/ASUS/AppData/Local/Programs/MiKTeX/tex/generic/pgf/systemlayer/pgfsys
protocol.code.tex
File: pgfsysprotocol.code.tex 2023-01-15 v3.1.10 (3.1.10)
))
(C:/Users/ASUS/AppData/Local/Programs/MiKTeX/tex/generic/pgf/basiclayer/pgfcore
.code.tex
Package: pgfcore 2023-01-15 v3.1.10 (3.1.10)

(C:/Users/ASUS/AppData/Local/Programs/MiKTeX/tex/generic/pgf/math/pgfmath.code.
tex
(C:/Users/ASUS/AppData/Local/Programs/MiKTeX/tex/generic/pgf/math/pgfmathutil.c
ode.tex)
(C:/Users/ASUS/AppData/Local/Programs/MiKTeX/tex/generic/pgf/math/pgfmathparser
.code.tex
\pgfmath@dimen=\dimen179
\pgfmath@count=\count291
\pgfmath@box=\box65
\pgfmath@toks=\toks32
\pgfmath@stack@operand=\toks33
\pgfmath@stack@operation=\toks34
)
(C:/Users/ASUS/AppData/Local/Programs/MiKTeX/tex/generic/pgf/math/pgfmathfuncti
ons.code.tex)
(C:/Users/ASUS/AppData/Local/Programs/MiKTeX/tex/generic/pgf/math/pgfmathfuncti
ons.basic.code.tex)
(C:/Users/ASUS/AppData/Local/Programs/MiKTeX/tex/generic/pgf/math/pgfmathfuncti
ons.trigonometric.code.tex)
(C:/Users/ASUS/AppData/Local/Programs/MiKTeX/tex/generic/pgf/math/pgfmathfuncti
ons.random.code.tex)
(C:/Users/ASUS/AppData/Local/Programs/MiKTeX/tex/generic/pgf/math/pgfmathfuncti
ons.comparison.code.tex)
(C:/Users/ASUS/AppData/Local/Programs/MiKTeX/tex/generic/pgf/math/pgfmathfuncti
ons.base.code.tex)
(C:/Users/ASUS/AppData/Local/Programs/MiKTeX/tex/generic/pgf/math/pgfmathfuncti
ons.round.code.tex)
(C:/Users/ASUS/AppData/Local/Programs/MiKTeX/tex/generic/pgf/math/pgfmathfuncti
ons.misc.code.tex)
(C:/Users/ASUS/AppData/Local/Programs/MiKTeX/tex/generic/pgf/math/pgfmathfuncti
ons.integerarithmetics.code.tex)
(C:/Users/ASUS/AppData/Local/Programs/MiKTeX/tex/generic/pgf/math/pgfmathcalc.c
ode.tex)
(C:/Users/ASUS/AppData/Local/Programs/MiKTeX/tex/generic/pgf/math/pgfmathfloat.
code.tex
\c@pgfmathroundto@lastzeros=\count292
))
(C:/Users/ASUS/AppData/Local/Programs/MiKTeX/tex/generic/pgf/math/pgfint.code.t
ex)
(C:/Users/ASUS/AppData/Local/Programs/MiKTeX/tex/generic/pgf/basiclayer/pgfcore
points.code.tex
File: pgfcorepoints.code.tex 2023-01-15 v3.1.10 (3.1.10)
\pgf@picminx=\dimen180
\pgf@picmaxx=\dimen181
\pgf@picminy=\dimen182
\pgf@picmaxy=\dimen183
\pgf@pathminx=\dimen184
\pgf@pathmaxx=\dimen185
\pgf@pathminy=\dimen186
\pgf@pathmaxy=\dimen187
\pgf@xx=\dimen188
\pgf@xy=\dimen189
\pgf@yx=\dimen190
\pgf@yy=\dimen191
\pgf@zx=\dimen192
\pgf@zy=\dimen193
)
(C:/Users/ASUS/AppData/Local/Programs/MiKTeX/tex/generic/pgf/basiclayer/pgfcore
pathconstruct.code.tex
File: pgfcorepathconstruct.code.tex 2023-01-15 v3.1.10 (3.1.10)
\pgf@path@lastx=\dimen194
\pgf@path@lasty=\dimen195
)
(C:/Users/ASUS/AppData/Local/Programs/MiKTeX/tex/generic/pgf/basiclayer/pgfcore
pathusage.code.tex
File: pgfcorepathusage.code.tex 2023-01-15 v3.1.10 (3.1.10)
\pgf@shorten@end@additional=\dimen196
\pgf@shorten@start@additional=\dimen197
)
(C:/Users/ASUS/AppData/Local/Programs/MiKTeX/tex/generic/pgf/basiclayer/pgfcore
scopes.code.tex
File: pgfcorescopes.code.tex 2023-01-15 v3.1.10 (3.1.10)
\pgfpic=\box66
\pgf@hbox=\box67
\pgf@layerbox@main=\box68
\pgf@picture@serial@count=\count293
)
(C:/Users/ASUS/AppData/Local/Programs/MiKTeX/tex/generic/pgf/basiclayer/pgfcore
graphicstate.code.tex
File: pgfcoregraphicstate.code.tex 2023-01-15 v3.1.10 (3.1.10)
\pgflinewidth=\dimen198
)
(C:/Users/ASUS/AppData/Local/Programs/MiKTeX/tex/generic/pgf/basiclayer/pgfcore
transformations.code.tex
File: pgfcoretransformations.code.tex 2023-01-15 v3.1.10 (3.1.10)
\pgf@pt@x=\dimen199
\pgf@pt@y=\dimen256
\pgf@pt@temp=\dimen257
)
(C:/Users/ASUS/AppData/Local/Programs/MiKTeX/tex/generic/pgf/basiclayer/pgfcore
quick.code.tex
File: pgfcorequick.code.tex 2023-01-15 v3.1.10 (3.1.10)
)
(C:/Users/ASUS/AppData/Local/Programs/MiKTeX/tex/generic/pgf/basiclayer/pgfcore
objects.code.tex
File: pgfcoreobjects.code.tex 2023-01-15 v3.1.10 (3.1.10)
)
(C:/Users/ASUS/AppData/Local/Programs/MiKTeX/tex/generic/pgf/basiclayer/pgfcore
pathprocessing.code.tex
File: pgfcorepathprocessing.code.tex 2023-01-15 v3.1.10 (3.1.10)
)
(C:/Users/ASUS/AppData/Local/Programs/MiKTeX/tex/generic/pgf/basiclayer/pgfcore
arrows.code.tex
File: pgfcorearrows.code.tex 2023-01-15 v3.1.10 (3.1.10)
\pgfarrowsep=\dimen258
)
(C:/Users/ASUS/AppData/Local/Programs/MiKTeX/tex/generic/pgf/basiclayer/pgfcore
shade.code.tex
File: pgfcoreshade.code.tex 2023-01-15 v3.1.10 (3.1.10)
\pgf@max=\dimen259
\pgf@sys@shading@range@num=\count294
\pgf@shadingcount=\count295
)
(C:/Users/ASUS/AppData/Local/Programs/MiKTeX/tex/generic/pgf/basiclayer/pgfcore
image.code.tex
File: pgfcoreimage.code.tex 2023-01-15 v3.1.10 (3.1.10)
)
(C:/Users/ASUS/AppData/Local/Programs/MiKTeX/tex/generic/pgf/basiclayer/pgfcore
external.code.tex
File: pgfcoreexternal.code.tex 2023-01-15 v3.1.10 (3.1.10)
\pgfexternal@startupbox=\box69
)
(C:/Users/ASUS/AppData/Local/Programs/MiKTeX/tex/generic/pgf/basiclayer/pgfcore
layers.code.tex
File: pgfcorelayers.code.tex 2023-01-15 v3.1.10 (3.1.10)
)
(C:/Users/ASUS/AppData/Local/Programs/MiKTeX/tex/generic/pgf/basiclayer/pgfcore
transparency.code.tex
File: pgfcoretransparency.code.tex 2023-01-15 v3.1.10 (3.1.10)
)
(C:/Users/ASUS/AppData/Local/Programs/MiKTeX/tex/generic/pgf/basiclayer/pgfcore
patterns.code.tex
File: pgfcorepatterns.code.tex 2023-01-15 v3.1.10 (3.1.10)
)
(C:/Users/ASUS/AppData/Local/Programs/MiKTeX/tex/generic/pgf/basiclayer/pgfcore
rdf.code.tex
File: pgfcorerdf.code.tex 2023-01-15 v3.1.10 (3.1.10)
)))
(C:/Users/ASUS/AppData/Local/Programs/MiKTeX/tex/generic/pgf/modules/pgfmodules
hapes.code.tex
File: pgfmoduleshapes.code.tex 2023-01-15 v3.1.10 (3.1.10)
\pgfnodeparttextbox=\box70
)
(C:/Users/ASUS/AppData/Local/Programs/MiKTeX/tex/generic/pgf/modules/pgfmodulep
lot.code.tex
File: pgfmoduleplot.code.tex 2023-01-15 v3.1.10 (3.1.10)
)
(C:/Users/ASUS/AppData/Local/Programs/MiKTeX/tex/latex/pgf/compatibility/pgfcom
p-version-0-65.sty
Package: pgfcomp-version-0-65 2023-01-15 v3.1.10 (3.1.10)
\pgf@nodesepstart=\dimen260
\pgf@nodesepend=\dimen261
)
(C:/Users/ASUS/AppData/Local/Programs/MiKTeX/tex/latex/pgf/compatibility/pgfcom
p-version-1-18.sty
Package: pgfcomp-version-1-18 2023-01-15 v3.1.10 (3.1.10)
))
(C:/Users/ASUS/AppData/Local/Programs/MiKTeX/tex/latex/pgf/utilities/pgffor.sty

(C:/Users/ASUS/AppData/Local/Programs/MiKTeX/tex/latex/pgf/utilities/pgfkeys.st
y
(C:/Users/ASUS/AppData/Local/Programs/MiKTeX/tex/generic/pgf/utilities/pgfkeys.
code.tex))
(C:/Users/ASUS/AppData/Local/Programs/MiKTeX/tex/latex/pgf/math/pgfmath.sty
(C:/Users/ASUS/AppData/Local/Programs/MiKTeX/tex/generic/pgf/math/pgfmath.code.
tex))
(C:/Users/ASUS/AppData/Local/Programs/MiKTeX/tex/generic/pgf/utilities/pgffor.c
ode.tex
Package: pgffor 2023-01-15 v3.1.10 (3.1.10)
\pgffor@iter=\dimen262
\pgffor@skip=\dimen263
\pgffor@stack=\toks35
\pgffor@toks=\toks36
))
(C:/Users/ASUS/AppData/Local/Programs/MiKTeX/tex/generic/pgf/frontendlayer/tikz
/tikz.code.tex
Package: tikz 2023-01-15 v3.1.10 (3.1.10)

(C:/Users/ASUS/AppData/Local/Programs/MiKTeX/tex/generic/pgf/libraries/pgflibra
ryplothandlers.code.tex
File: pgflibraryplothandlers.code.tex 2023-01-15 v3.1.10 (3.1.10)
\pgf@plot@mark@count=\count296
\pgfplotmarksize=\dimen264
)
\tikz@lastx=\dimen265
\tikz@lasty=\dimen266
\tikz@lastxsaved=\dimen267
\tikz@lastysaved=\dimen268
\tikz@lastmovetox=\dimen269
\tikz@lastmovetoy=\dimen270
\tikzleveldistance=\dimen271
\tikzsiblingdistance=\dimen272
\tikz@figbox=\box71
\tikz@figbox@bg=\box72
\tikz@tempbox=\box73
\tikz@tempbox@bg=\box74
\tikztreelevel=\count297
\tikznumberofchildren=\count298
\tikznumberofcurrentchild=\count299
\tikz@fig@count=\count300

(C:/Users/ASUS/AppData/Local/Programs/MiKTeX/tex/generic/pgf/modules/pgfmodulem
atrix.code.tex
File: pgfmodulematrix.code.tex 2023-01-15 v3.1.10 (3.1.10)
\pgfmatrixcurrentrow=\count301
\pgfmatrixcurrentcolumn=\count302
\pgf@matrix@numberofcolumns=\count303
)
\tikz@expandcount=\count304

(C:/Users/ASUS/AppData/Local/Programs/MiKTeX/tex/generic/pgf/frontendlayer/tikz
/libraries/tikzlibrarytopaths.code.tex
File: tikzlibrarytopaths.code.tex 2023-01-15 v3.1.10 (3.1.10)
)))
(C:/Users/ASUS/AppData/Local/Programs/MiKTeX/tex/generic/pgf/frontendlayer/tikz
/libraries/tikzlibrarycalc.code.tex
File: tikzlibrarycalc.code.tex 2023-01-15 v3.1.10 (3.1.10)
)
(C:/Users/ASUS/AppData/Local/Programs/MiKTeX/tex/generic/pgf/libraries/pgflibra
ryarrows.meta.code.tex
File: pgflibraryarrows.meta.code.tex 2023-01-15 v3.1.10 (3.1.10)
\pgfarrowinset=\dimen273
\pgfarrowlength=\dimen274
\pgfarrowwidth=\dimen275
\pgfarrowlinewidth=\dimen276
)
(C:/Users/ASUS/AppData/Local/Programs/MiKTeX/tex/generic/pgf/frontendlayer/tikz
/libraries/tikzlibrarybending.code.tex
File: tikzlibrarybending.code.tex 2023-01-15 v3.1.10 (3.1.10)

(C:/Users/ASUS/AppData/Local/Programs/MiKTeX/tex/generic/pgf/modules/pgfmoduleb
ending.code.tex
File: pgfmodulebending.code.tex 2023-01-15 v3.1.10 (3.1.10)

(C:/Users/ASUS/AppData/Local/Programs/MiKTeX/tex/generic/pgf/modules/pgfmodulen
onlineartransformations.code.tex
File: pgfmodulenonlineartransformations.code.tex 2023-01-15 v3.1.10 (3.1.10)
\pgftransformnonlinearflatness=\dimen277
)
(C:/Users/ASUS/AppData/Local/Programs/MiKTeX/tex/generic/pgf/libraries/pgflibra
rycurvilinear.code.tex
File: pgflibrarycurvilinear.code.tex 2023-01-15 v3.1.10 (3.1.10)
\pgf@curvilinear@time@a=\dimen278
\pgf@curvilinear@length@a=\dimen279
\pgf@curvilinear@length@b=\dimen280
\pgf@curvilinear@length@c=\dimen281
\pgf@curvilinear@length@d=\dimen282
)
\pgf@arrows@the@rigidity=\dimen283
))
(C:/Users/ASUS/AppData/Local/Programs/MiKTeX/tex/generic/pgf/frontendlayer/tikz
/libraries/tikzlibraryfpu.code.tex
(C:/Users/ASUS/AppData/Local/Programs/MiKTeX/tex/generic/pgf/libraries/pgflibra
ryfpu.code.tex))
(C:/Users/ASUS/AppData/Local/Programs/MiKTeX/tex/generic/circuitikz/pgfcirc.def
ines.tex
\pgf@circ@count@a=\count305
\pgf@circ@count@b=\count306
\pgf@circ@count@c=\count307
\pgf@circ@res@up=\dimen284
\pgf@circ@res@down=\dimen285
\pgf@circ@res@zero=\dimen286
\pgf@circ@res@left=\dimen287
\pgf@circ@res@right=\dimen288
\pgf@circ@res@other=\dimen289
\pgf@circ@res@step=\dimen290
\pgf@circ@res@temp=\dimen291
\pgf@circ@Rlen=\dimen292
\pgf@circ@scaled@Rlen=\dimen293
\pgfstartlinewidth=\dimen294
)
(C:/Users/ASUS/AppData/Local/Programs/MiKTeX/tex/generic/circuitikz/pgfcircutil
s.tex
\ctikz@scratchbox=\box75
)
(C:/Users/ASUS/AppData/Local/Programs/MiKTeX/tex/generic/circuitikz/pgfcircpath
.tex)
(C:/Users/ASUS/AppData/Local/Programs/MiKTeX/tex/generic/circuitikz/pgfcircshap
es.tex)
(C:/Users/ASUS/AppData/Local/Programs/MiKTeX/tex/generic/circuitikz/pgfcircmono
poles.tex)
(C:/Users/ASUS/AppData/Local/Programs/MiKTeX/tex/generic/circuitikz/pgfcircbipo
les.tex)
(C:/Users/ASUS/AppData/Local/Programs/MiKTeX/tex/generic/circuitikz/pgfcirctrip
oles.tex
\pgf@circ@res@count=\count308
)
(C:/Users/ASUS/AppData/Local/Programs/MiKTeX/tex/generic/circuitikz/pgfcircquad
poles.tex)
(C:/Users/ASUS/AppData/Local/Programs/MiKTeX/tex/generic/circuitikz/pgfcircmult
ipoles.tex)
(C:/Users/ASUS/AppData/Local/Programs/MiKTeX/tex/generic/circuitikz/pgfcirclabe
l.tex)
(C:/Users/ASUS/AppData/Local/Programs/MiKTeX/tex/generic/circuitikz/pgfcircvolt
age.tex
\pgfcirc@labelshift=\dimen295
)
(C:/Users/ASUS/AppData/Local/Programs/MiKTeX/tex/generic/circuitikz/pgfcirccurr
ent.tex)
(C:/Users/ASUS/AppData/Local/Programs/MiKTeX/tex/generic/circuitikz/pgfcircflow
.tex))
(C:/Users/ASUS/AppData/Local/Programs/MiKTeX/tex/latex/amsmath/amsmath.sty
Package: amsmath 2022/04/08 v2.17n AMS math features
\@mathmargin=\skip92

For additional information on amsmath, use the `?' option.
(C:/Users/ASUS/AppData/Local/Programs/MiKTeX/tex/latex/amsmath/amsbsy.sty
Package: amsbsy 1999/11/29 v1.2d Bold Symbols
\pmbraise@=\dimen296
)
(C:/Users/ASUS/AppData/Local/Programs/MiKTeX/tex/latex/amsmath/amsopn.sty
Package: amsopn 2022/04/08 v2.04 operator names
)
\inf@bad=\count309
LaTeX Info: Redefining \frac on input line 236.
\uproot@=\count310
\leftroot@=\count311
LaTeX Info: Redefining \overline on input line 399.
LaTeX Info: Redefining \colon on input line 410.
\classnum@=\count312
\DOTSCASE@=\count313
LaTeX Info: Redefining \ldots on input line 496.
LaTeX Info: Redefining \dots on input line 499.
LaTeX Info: Redefining \cdots on input line 620.
\Mathstrutbox@=\box76
\strutbox@=\box77
LaTeX Info: Redefining \big on input line 722.
LaTeX Info: Redefining \Big on input line 723.
LaTeX Info: Redefining \bigg on input line 724.
LaTeX Info: Redefining \Bigg on input line 725.
\big@size=\dimen297
LaTeX Font Info:    Redeclaring font encoding OML on input line 743.
LaTeX Font Info:    Redeclaring font encoding OMS on input line 744.
\macc@depth=\count314
LaTeX Info: Redefining \bmod on input line 905.
LaTeX Info: Redefining \pmod on input line 910.
LaTeX Info: Redefining \smash on input line 940.
LaTeX Info: Redefining \relbar on input line 970.
LaTeX Info: Redefining \Relbar on input line 971.
\c@MaxMatrixCols=\count315
\dotsspace@=\muskip16
\c@parentequation=\count316
\dspbrk@lvl=\count317
\tag@help=\toks37
\row@=\count318
\column@=\count319
\maxfields@=\count320
\andhelp@=\toks38
\eqnshift@=\dimen298
\alignsep@=\dimen299
\tagshift@=\dimen300
\tagwidth@=\dimen301
\totwidth@=\dimen302
\lineht@=\dimen303
\@envbody=\toks39
\multlinegap=\skip93
\multlinetaggap=\skip94
\mathdisplay@stack=\toks40
LaTeX Info: Redefining \[ on input line 2953.
LaTeX Info: Redefining \] on input line 2954.
)
(C:/Users/ASUS/AppData/Local/Programs/MiKTeX/tex/latex/physics/physics.sty
Package: physics 

(C:/Users/ASUS/AppData/Local/Programs/MiKTeX/tex/latex/l3packages/xparse/xparse
.sty (C:/Users/ASUS/AppData/Local/Programs/MiKTeX/tex/latex/l3kernel/expl3.sty
Package: expl3 2023-02-07 L3 programming layer (loader) 

(C:/Users/ASUS/AppData/Local/Programs/MiKTeX/tex/latex/l3backend/l3backend-luat
ex.def
File: l3backend-luatex.def 2023-01-16 L3 backend support: PDF output (LuaTeX)
\l__color_backend_stack_int=\count321
\l__pdf_internal_box=\box78
))
Package: xparse 2023-01-16 L3 Experimental document command parser
))
(C:/Users/ASUS/AppData/Local/Programs/MiKTeX/tex/latex/placeins/placeins.sty
Package: placeins 2005/04/18  v 2.2
)
(C:/Users/ASUS/AppData/Local/Programs/MiKTeX/tex/latex/svg/svg.sty
Package: svg 2020/11/26 v2.02k (include SVG pictures)

(C:/Users/ASUS/AppData/Local/Programs/MiKTeX/tex/latex/koma-script/scrbase.sty
Package: scrbase 2022/10/12 v3.38 KOMA-Script package (KOMA-Script-independent 
basics and keyval usage)

(C:/Users/ASUS/AppData/Local/Programs/MiKTeX/tex/latex/koma-script/scrlfile.sty
Package: scrlfile 2022/10/12 v3.38 KOMA-Script package (file load hooks)

(C:/Users/ASUS/AppData/Local/Programs/MiKTeX/tex/latex/koma-script/scrlfile-hoo
k.sty
Package: scrlfile-hook 2022/10/12 v3.38 KOMA-Script package (using LaTeX hooks)


(C:/Users/ASUS/AppData/Local/Programs/MiKTeX/tex/latex/koma-script/scrlogo.sty
Package: scrlogo 2022/10/12 v3.38 KOMA-Script package (logo)
)))
Applying: [2021/05/01] Usage of raw or classic option list on input line 252.
Already applied: [0000/00/00] Usage of raw or classic option list on input line
 368.
)
(C:/Users/ASUS/AppData/Local/Programs/MiKTeX/tex/latex/trimspaces/trimspaces.st
y
Package: trimspaces 2009/09/17 v1.1 Trim spaces around a token list
) (C:/Users/ASUS/AppData/Local/Programs/MiKTeX/tex/latex/tools/shellesc.sty
Package: shellesc 2019/11/08 v1.0c unified shell escape interface for LaTeX
Package shellesc Info: Unrestricted shell escape enabled on input line 75.
)
(C:/Users/ASUS/AppData/Local/Programs/MiKTeX/tex/latex/ifplatform/ifplatform.st
y
Package: ifplatform 2017/10/13 v0.4a Testing for the operating system

(C:/Users/ASUS/AppData/Local/Programs/MiKTeX/tex/generic/catchfile/catchfile.st
y
Package: catchfile 2019/12/09 v1.8 Catch the contents of a file (HO)

(C:/Users/ASUS/AppData/Local/Programs/MiKTeX/tex/generic/etexcmds/etexcmds.sty
Package: etexcmds 2019/12/15 v1.7 Avoid name clashes with e-TeX commands (HO)
)) (C:/Users/ASUS/AppData/Local/Programs/MiKTeX/tex/generic/iftex/ifluatex.sty
Package: ifluatex 2019/10/25 v1.5 ifluatex legacy package. Use iftex instead.
))
\c@svg@param@lastpage=\count322
\svg@box=\box79
\c@svg@param@currpage=\count323
)
(C:/Users/ASUS/AppData/Local/Programs/MiKTeX/tex/latex/transparent/transparent.
sty
Package: transparent 2022-10-27 v1.5 Transparency with color stacks

(C:/Users/ASUS/AppData/Local/Programs/MiKTeX/tex/latex/transparent/transparent-
nometadata.sty
Package: transparent-nometadata 2022-10-27 v1.5 Transparency via pdfTeX's color
 stack (HO)

(C:/Users/ASUS/AppData/Local/Programs/MiKTeX/tex/latex/auxhook/auxhook.sty
Package: auxhook 2019-12-17 v1.6 Hooks for auxiliary files (HO)
)))
(C:/Users/ASUS/AppData/Local/Programs/MiKTeX/tex/latex/caption/caption.sty
Package: caption 2022/03/01 v3.6b Customizing captions (AR)

(C:/Users/ASUS/AppData/Local/Programs/MiKTeX/tex/latex/caption/caption3.sty
Package: caption3 2022/03/17 v2.3b caption3 kernel (AR)
\caption@tempdima=\dimen304
\captionmargin=\dimen305
\caption@leftmargin=\dimen306
\caption@rightmargin=\dimen307
\caption@width=\dimen308
\caption@indent=\dimen309
\caption@parindent=\dimen310
\caption@hangindent=\dimen311
Package caption Info: Standard document class detected.
)
\c@caption@flags=\count324
\c@continuedfloat=\count325
Package caption Info: wrapfig package is loaded.
)
(C:/Users/ASUS/AppData/Local/Programs/MiKTeX/tex/latex/caption/subcaption.sty
Package: subcaption 2022/01/07 v1.5 Sub-captions (AR)
\c@subfigure=\count326
\c@subtable=\count327
)
(C:/Users/ASUS/AppData/Local/Programs/MiKTeX/tex/latex/float/float.sty
Package: float 2001/11/08 v1.3d Float enhancements (AL)
\c@float@type=\count328
\float@exts=\toks41
\float@box=\box80
\@float@everytoks=\toks42
\@floatcapt=\box81
)
(C:/Users/ASUS/AppData/Local/Programs/MiKTeX/tex/latex/lm/lmodern.sty
Package: lmodern 2015/05/01 v1.6.1 Latin Modern Fonts
LaTeX Font Info:    Overwriting symbol font `operators' in version `normal'
(Font)                  OT1/cmr/m/n --> OT1/lmr/m/n on input line 22.
LaTeX Font Info:    Overwriting symbol font `letters' in version `normal'
(Font)                  OML/cmm/m/it --> OML/lmm/m/it on input line 23.
LaTeX Font Info:    Overwriting symbol font `symbols' in version `normal'
(Font)                  OMS/cmsy/m/n --> OMS/lmsy/m/n on input line 24.
LaTeX Font Info:    Overwriting symbol font `largesymbols' in version `normal'
(Font)                  OMX/cmex/m/n --> OMX/lmex/m/n on input line 25.
LaTeX Font Info:    Overwriting symbol font `operators' in version `bold'
(Font)                  OT1/cmr/bx/n --> OT1/lmr/bx/n on input line 26.
LaTeX Font Info:    Overwriting symbol font `letters' in version `bold'
(Font)                  OML/cmm/b/it --> OML/lmm/b/it on input line 27.
LaTeX Font Info:    Overwriting symbol font `symbols' in version `bold'
(Font)                  OMS/cmsy/b/n --> OMS/lmsy/b/n on input line 28.
LaTeX Font Info:    Overwriting symbol font `largesymbols' in version `bold'
(Font)                  OMX/cmex/m/n --> OMX/lmex/m/n on input line 29.
LaTeX Font Info:    Overwriting math alphabet `\mathbf' in version `normal'
(Font)                  OT1/cmr/bx/n --> OT1/lmr/bx/n on input line 31.
LaTeX Font Info:    Overwriting math alphabet `\mathsf' in version `normal'
(Font)                  OT1/cmss/m/n --> OT1/lmss/m/n on input line 32.
LaTeX Font Info:    Overwriting math alphabet `\mathit' in version `normal'
(Font)                  OT1/cmr/m/it --> OT1/lmr/m/it on input line 33.
LaTeX Font Info:    Overwriting math alphabet `\mathtt' in version `normal'
(Font)                  OT1/cmtt/m/n --> OT1/lmtt/m/n on input line 34.
LaTeX Font Info:    Overwriting math alphabet `\mathbf' in version `bold'
(Font)                  OT1/cmr/bx/n --> OT1/lmr/bx/n on input line 35.
LaTeX Font Info:    Overwriting math alphabet `\mathsf' in version `bold'
(Font)                  OT1/cmss/bx/n --> OT1/lmss/bx/n on input line 36.
LaTeX Font Info:    Overwriting math alphabet `\mathit' in version `bold'
(Font)                  OT1/cmr/bx/it --> OT1/lmr/bx/it on input line 37.
LaTeX Font Info:    Overwriting math alphabet `\mathtt' in version `bold'
(Font)                  OT1/cmtt/m/n --> OT1/lmtt/m/n on input line 38.
)
(C:/Users/ASUS/AppData/Local/Programs/MiKTeX/tex/latex/hyperref/hyperref.sty
Package: hyperref 2023-02-07 v7.00v Hypertext links for LaTeX

(C:/Users/ASUS/AppData/Local/Programs/MiKTeX/tex/latex/kvsetkeys/kvsetkeys.sty
Package: kvsetkeys 2022-10-05 v1.19 Key value parser (HO)
)
(C:/Users/ASUS/AppData/Local/Programs/MiKTeX/tex/generic/kvdefinekeys/kvdefinek
eys.sty
Package: kvdefinekeys 2019-12-19 v1.6 Define keys (HO)
)
(C:/Users/ASUS/AppData/Local/Programs/MiKTeX/tex/generic/pdfescape/pdfescape.st
y
Package: pdfescape 2019/12/09 v1.15 Implements pdfTeX's escape features (HO)
) (C:/Users/ASUS/AppData/Local/Programs/MiKTeX/tex/latex/hycolor/hycolor.sty
Package: hycolor 2020-01-27 v1.10 Color options for hyperref/bookmark (HO)
)
(C:/Users/ASUS/AppData/Local/Programs/MiKTeX/tex/latex/letltxmacro/letltxmacro.
sty
Package: letltxmacro 2019/12/03 v1.6 Let assignment for LaTeX macros (HO)
)
(C:/Users/ASUS/AppData/Local/Programs/MiKTeX/tex/latex/hyperref/nameref.sty
Package: nameref 2022-05-17 v2.50 Cross-referencing by name of section

(C:/Users/ASUS/AppData/Local/Programs/MiKTeX/tex/latex/refcount/refcount.sty
Package: refcount 2019/12/15 v3.6 Data extraction from label references (HO)
)
(C:/Users/ASUS/AppData/Local/Programs/MiKTeX/tex/generic/gettitlestring/gettitl
estring.sty
Package: gettitlestring 2019/12/15 v1.6 Cleanup title references (HO)

(C:/Users/ASUS/AppData/Local/Programs/MiKTeX/tex/latex/kvoptions/kvoptions.sty
Package: kvoptions 2022-06-15 v3.15 Key value format for package options (HO)
))
\c@section@level=\count329
)
\@linkdim=\dimen312
\Hy@linkcounter=\count330
\Hy@pagecounter=\count331
 (C:/Users/ASUS/AppData/Local/Programs/MiKTeX/tex/latex/hyperref/pd1enc.def
File: pd1enc.def 2023-02-07 v7.00v Hyperref: PDFDocEncoding definition (HO)
)
(C:/Users/ASUS/AppData/Local/Programs/MiKTeX/tex/generic/intcalc/intcalc.sty
Package: intcalc 2019/12/15 v1.3 Expandable calculations with integers (HO)
)
\Hy@SavedSpaceFactor=\count332

(C:/Users/ASUS/AppData/Local/Programs/MiKTeX/tex/latex/hyperref/puenc.def
File: puenc.def 2023-02-07 v7.00v Hyperref: PDF Unicode definition (HO)
)
Package hyperref Info: Hyper figures OFF on input line 4177.
Package hyperref Info: Link nesting OFF on input line 4182.
Package hyperref Info: Hyper index ON on input line 4185.
Package hyperref Info: Plain pages OFF on input line 4192.
Package hyperref Info: Backreferencing OFF on input line 4197.
Package hyperref Info: Implicit mode ON; LaTeX internals redefined.
Package hyperref Info: Bookmarks ON on input line 4425.
\c@Hy@tempcnt=\count333

(C:/Users/ASUS/AppData/Local/Programs/MiKTeX/tex/latex/url/url.sty
\Urlmuskip=\muskip17
Package: url 2013/09/16  ver 3.4  Verb mode for urls, etc.
)
LaTeX Info: Redefining \url on input line 4763.
\XeTeXLinkMargin=\dimen313

(C:/Users/ASUS/AppData/Local/Programs/MiKTeX/tex/generic/bitset/bitset.sty
Package: bitset 2019/12/09 v1.3 Handle bit-vector datatype (HO)

(C:/Users/ASUS/AppData/Local/Programs/MiKTeX/tex/generic/bigintcalc/bigintcalc.
sty
Package: bigintcalc 2019/12/15 v1.5 Expandable calculations on big integers (HO
)
))
\Fld@menulength=\count334
\Field@Width=\dimen314
\Fld@charsize=\dimen315
Package hyperref Info: Hyper figures OFF on input line 6042.
Package hyperref Info: Link nesting OFF on input line 6047.
Package hyperref Info: Hyper index ON on input line 6050.
Package hyperref Info: backreferencing OFF on input line 6057.
Package hyperref Info: Link coloring OFF on input line 6062.
Package hyperref Info: Link coloring with OCG OFF on input line 6067.
Package hyperref Info: PDF/A mode OFF on input line 6072.

(C:/Users/ASUS/AppData/Local/Programs/MiKTeX/tex/latex/base/atbegshi-ltx.sty
Package: atbegshi-ltx 2021/01/10 v1.0c Emulation of the original atbegshi
package with kernel methods
)
\Hy@abspage=\count335
\c@Item=\count336
\c@Hfootnote=\count337
)
Package hyperref Info: Driver (autodetected): hluatex.

(C:/Users/ASUS/AppData/Local/Programs/MiKTeX/tex/latex/hyperref/hluatex.def
File: hluatex.def 2023-02-07 v7.00v Hyperref driver for luaTeX

(C:/Users/ASUS/AppData/Local/Programs/MiKTeX/tex/generic/stringenc/stringenc.st
y
Package: stringenc 2019/11/29 v1.12 Convert strings between diff. encodings (HO
)
)
(C:/Users/ASUS/AppData/Local/Programs/MiKTeX/tex/latex/base/atveryend-ltx.sty
Package: atveryend-ltx 2020/08/19 v1.0a Emulation of the original atveryend pac
kage
with kernel methods
)
\Fld@listcount=\count338
\c@bookmark@seq@number=\count339

(C:/Users/ASUS/AppData/Local/Programs/MiKTeX/tex/latex/rerunfilecheck/rerunfile
check.sty
Package: rerunfilecheck 2022-07-10 v1.10 Rerun checks for auxiliary files (HO)

(C:/Users/ASUS/AppData/Local/Programs/MiKTeX/tex/generic/uniquecounter/uniqueco
unter.sty
Package: uniquecounter 2019/12/15 v1.4 Provide unlimited unique counter (HO)
)
Package uniquecounter Info: New unique counter `rerunfilecheck' on input line 2
85.
)
\Hy@SectionHShift=\skip95
)
(C:/Users/ASUS/AppData/Local/Programs/MiKTeX/tex/latex/amsfonts/amsfonts.sty
Package: amsfonts 2013/01/14 v3.01 Basic AMSFonts support
\symAMSa=\mathgroup4
\symAMSb=\mathgroup5
LaTeX Font Info:    Redeclaring math symbol \hbar on input line 98.
LaTeX Font Info:    Overwriting math alphabet `\mathfrak' in version `bold'
(Font)                  U/euf/m/n --> U/euf/b/n on input line 106.
)
(C:/Users/ASUS/AppData/Local/Programs/MiKTeX/tex/latex/epstopdf-pkg/epstopdf.st
y
Package: epstopdf 2020-01-24 v2.11 Conversion with epstopdf on the fly (HO)
 (C:/Users/ASUS/AppData/Local/Programs/MiKTeX/tex/latex/grfext/grfext.sty
Package: grfext 2019/12/03 v1.3 Manage graphics extensions (HO)
)
(C:/Users/ASUS/AppData/Local/Programs/MiKTeX/tex/latex/epstopdf-pkg/epstopdf-ba
se.sty
Package: epstopdf-base 2020-01-24 v2.11 Base part for package epstopdf
Package epstopdf-base Info: Redefining graphics rule for `.eps' on input line 4
85.
Package grfext Info: Graphics extension search list:
(grfext)             [.pdf,.png,.jpg,.mps,.jpeg,.jbig2,.jb2,.PDF,.PNG,.JPG,.JPE
G,.JBIG2,.JB2,.eps]
(grfext)             \AppendGraphicsExtensions on input line 504.

(C:/Users/ASUS/AppData/Local/Programs/MiKTeX/tex/latex/00miktex/epstopdf-sys.cf
g
File: epstopdf-sys.cfg 2021/03/18 v2.0 Configuration of epstopdf for MiKTeX
))) (./matlab.sty
Package: matlab 

(C:/Users/ASUS/AppData/Local/Programs/MiKTeX/tex/latex/tools/verbatim.sty
Package: verbatim 2022-07-02 v1.5u LaTeX2e package for verbatim enhancements
\every@verbatim=\toks43
\verbatim@line=\toks44
\verbatim@in@stream=\read3
)
(C:/Users/ASUS/AppData/Local/Programs/MiKTeX/tex/latex/fancyvrb/fancyvrb.sty
Package: fancyvrb 2023/01/19 4.5a verbatim text (tvz,hv)
\FV@CodeLineNo=\count340
\FV@InFile=\read4
\FV@TabBox=\box82
\c@FancyVerbLine=\count341
\FV@StepNumber=\count342
\FV@OutFile=\write4
)
(C:/Users/ASUS/AppData/Local/Programs/MiKTeX/tex/latex/base/alltt.sty
Package: alltt 2021/01/29 v2.0g defines alltt environment
)
(C:/Users/ASUS/AppData/Local/Programs/MiKTeX/tex/latex/upquote/upquote.sty
Package: upquote 2012/04/19 v1.3 upright-quote and grave-accent glyphs in verba
tim

(C:/Users/ASUS/AppData/Local/Programs/MiKTeX/tex/latex/base/textcomp.sty
Package: textcomp 2020/02/02 v2.0n Standard LaTeX package
))
(C:/Users/ASUS/AppData/Local/Programs/MiKTeX/tex/latex/mdframed/mdframed.sty
Package: mdframed 2013/07/01 1.9b: mdframed

(C:/Users/ASUS/AppData/Local/Programs/MiKTeX/tex/latex/zref/zref-abspage.sty
Package: zref-abspage 2022-04-07 v2.34 Module abspage for zref (HO)

(C:/Users/ASUS/AppData/Local/Programs/MiKTeX/tex/latex/zref/zref-base.sty
Package: zref-base 2022-04-07 v2.34 Module base for zref (HO)
Package zref Info: New property list: main on input line 767.
Package zref Info: New property: default on input line 768.
Package zref Info: New property: page on input line 769.
)
\c@abspage=\count343
Package zref Info: New property: abspage on input line 65.
)
(C:/Users/ASUS/AppData/Local/Programs/MiKTeX/tex/latex/needspace/needspace.sty
Package: needspace 2010/09/12 v1.3d reserve vertical space
)
\mdf@templength=\skip96
\c@mdf@globalstyle@cnt=\count344
\mdf@skipabove@length=\skip97
\mdf@skipbelow@length=\skip98
\mdf@leftmargin@length=\skip99
\mdf@rightmargin@length=\skip100
\mdf@innerleftmargin@length=\skip101
\mdf@innerrightmargin@length=\skip102
\mdf@innertopmargin@length=\skip103
\mdf@innerbottommargin@length=\skip104
\mdf@splittopskip@length=\skip105
\mdf@splitbottomskip@length=\skip106
\mdf@outermargin@length=\skip107
\mdf@innermargin@length=\skip108
\mdf@linewidth@length=\skip109
\mdf@innerlinewidth@length=\skip110
\mdf@middlelinewidth@length=\skip111
\mdf@outerlinewidth@length=\skip112
\mdf@roundcorner@length=\skip113
\mdf@footenotedistance@length=\skip114
\mdf@userdefinedwidth@length=\skip115
\mdf@needspace@length=\skip116
\mdf@frametitleaboveskip@length=\skip117
\mdf@frametitlebelowskip@length=\skip118
\mdf@frametitlerulewidth@length=\skip119
\mdf@frametitleleftmargin@length=\skip120
\mdf@frametitlerightmargin@length=\skip121
\mdf@shadowsize@length=\skip122
\mdf@extratopheight@length=\skip123
\mdf@subtitleabovelinewidth@length=\skip124
\mdf@subtitlebelowlinewidth@length=\skip125
\mdf@subtitleaboveskip@length=\skip126
\mdf@subtitlebelowskip@length=\skip127
\mdf@subtitleinneraboveskip@length=\skip128
\mdf@subtitleinnerbelowskip@length=\skip129
\mdf@subsubtitleabovelinewidth@length=\skip130
\mdf@subsubtitlebelowlinewidth@length=\skip131
\mdf@subsubtitleaboveskip@length=\skip132
\mdf@subsubtitlebelowskip@length=\skip133
\mdf@subsubtitleinneraboveskip@length=\skip134
\mdf@subsubtitleinnerbelowskip@length=\skip135
(C:/Users/ASUS/AppData/Local/Programs/MiKTeX/tex/latex/mdframed/md-frame-1.mdf
File: md-frame-1.mdf 2013/07/01\ 1.9b: md-frame-1
)
\mdf@frametitlebox=\box83
\mdf@footnotebox=\box84
\mdf@splitbox@one=\box85
\mdf@splitbox@two=\box86
\mdf@splitbox@save=\box87
\mdfsplitboxwidth=\skip136
\mdfsplitboxtotalwidth=\skip137
\mdfsplitboxheight=\skip138
\mdfsplitboxdepth=\skip139
\mdfsplitboxtotalheight=\skip140
\mdfframetitleboxwidth=\skip141
\mdfframetitleboxtotalwidth=\skip142
\mdfframetitleboxheight=\skip143
\mdfframetitleboxdepth=\skip144
\mdfframetitleboxtotalheight=\skip145
\mdffootnoteboxwidth=\skip146
\mdffootnoteboxtotalwidth=\skip147
\mdffootnoteboxheight=\skip148
\mdffootnoteboxdepth=\skip149
\mdffootnoteboxtotalheight=\skip150
\mdftotallinewidth=\skip151
\mdfboundingboxwidth=\skip152
\mdfboundingboxtotalwidth=\skip153
\mdfboundingboxheight=\skip154
\mdfboundingboxdepth=\skip155
\mdfboundingboxtotalheight=\skip156
\mdf@freevspace@length=\skip157
\mdf@horizontalwidthofbox@length=\skip158
\mdf@verticalmarginwhole@length=\skip159
\mdf@horizontalspaceofbox=\skip160
\mdfsubtitleheight=\skip161
\mdfsubsubtitleheight=\skip162
\c@mdfcountframes=\count345

****** mdframed patching \endmdf@trivlist

****** -- success******

\mdf@envdepth=\count346
\c@mdf@env@i=\count347
\c@mdf@env@ii=\count348
\c@mdf@zref@counter=\count349
Package zref Info: New property: mdf@pagevalue on input line 895.
)
Package hyperref Info: Option `colorlinks' set `true' on input line 29.
\c@multititle=\count350
\c@hastoc=\count351
))
Package translations Info: No language package found. I am going to use `englis
h' as default language. on input line 10.
 (c:/GIT/Oil_Heater_Simulation/report/output/report.aux
(c:/GIT/Oil_Heater_Simulation/report/output/1-introduction.aux)
(c:/GIT/Oil_Heater_Simulation/report/output/2-theory.aux)
(c:/GIT/Oil_Heater_Simulation/report/output/3-methodology.aux)
(c:/GIT/Oil_Heater_Simulation/report/output/4-experimental-setup.aux)
(c:/GIT/Oil_Heater_Simulation/report/output/5-results.aux)
(c:/GIT/Oil_Heater_Simulation/report/output/6-conclusion.aux))
\openout1 = report.aux

LaTeX Font Info:    Checking defaults for OML/cmm/m/it on input line 10.
LaTeX Font Info:    ... okay on input line 10.
LaTeX Font Info:    Checking defaults for OMS/cmsy/m/n on input line 10.
LaTeX Font Info:    ... okay on input line 10.
LaTeX Font Info:    Checking defaults for OT1/cmr/m/n on input line 10.
LaTeX Font Info:    ... okay on input line 10.
LaTeX Font Info:    Checking defaults for T1/cmr/m/n on input line 10.
LaTeX Font Info:    ... okay on input line 10.
LaTeX Font Info:    Checking defaults for TS1/cmr/m/n on input line 10.
LaTeX Font Info:    Trying to load font information for TS1+cmr on input line 1
0.

(C:/Users/ASUS/AppData/Local/Programs/MiKTeX/tex/latex/base/ts1cmr.fd
File: ts1cmr.fd 2022/07/10 v2.5l Standard LaTeX font definitions
)
LaTeX Font Info:    ... okay on input line 10.
LaTeX Font Info:    Checking defaults for TU/lmr/m/n on input line 10.
LaTeX Font Info:    ... okay on input line 10.
LaTeX Font Info:    Checking defaults for OMX/cmex/m/n on input line 10.
LaTeX Font Info:    ... okay on input line 10.
LaTeX Font Info:    Checking defaults for U/cmr/m/n on input line 10.
LaTeX Font Info:    ... okay on input line 10.
LaTeX Font Info:    Checking defaults for PD1/pdf/m/n on input line 10.
LaTeX Font Info:    ... okay on input line 10.
LaTeX Font Info:    Checking defaults for PU/pdf/m/n on input line 10.
LaTeX Font Info:    ... okay on input line 10.

*geometry* driver: auto-detecting
*geometry* detected driver: luatex
*geometry* verbose mode - [ preamble ] result:
* driver: luatex
* paper: a4paper
* layout: <same size as paper>
* layoutoffset:(h,v)=(0.0pt,0.0pt)
* modes: 
* h-part:(L,W,R)=(72.26999pt, 452.9679pt, 72.26999pt)
* v-part:(T,H,B)=(72.26999pt, 700.50687pt, 72.26999pt)
* \paperwidth=597.50787pt
* \paperheight=845.04684pt
* \textwidth=452.9679pt
* \textheight=700.50687pt
* \oddsidemargin=0.0pt
* \evensidemargin=0.0pt
* \topmargin=-37.0pt
* \headheight=12.0pt
* \headsep=25.0pt
* \topskip=10.0pt
* \footskip=30.0pt
* \marginparwidth=57.0pt
* \marginparsep=11.0pt
* \columnsep=10.0pt
* \skip\footins=9.0pt plus 4.0pt minus 2.0pt
* \hoffset=0.0pt
* \voffset=0.0pt
* \mag=1000
* \@twocolumnfalse
* \@twosidefalse
* \@mparswitchfalse
* \@reversemarginfalse
* (1in=72.27pt=25.4mm, 1cm=28.453pt)


(C:/Users/ASUS/AppData/Local/Programs/MiKTeX/tex/context/base/mkii/supp-pdf.mki
i
[Loading MPS to PDF converter (version 2006.09.02).]
\scratchcounter=\count352
\scratchdimen=\dimen316
\scratchbox=\box88
\nofMPsegments=\count353
\nofMParguments=\count354
\everyMPshowfont=\toks45
\MPscratchCnt=\count355
\MPscratchDim=\dimen317
\MPnumerator=\count356
\makeMPintoPDFobject=\count357
\everyMPtoPDFconversion=\toks46
)
(C:/Users/ASUS/AppData/Local/Programs/MiKTeX/tex/latex/pdflscape/pdflscape.sty
Package: pdflscape 2022-10-27 v0.13 Display of landscape pages in PDF

(C:/Users/ASUS/AppData/Local/Programs/MiKTeX/tex/latex/pdflscape/pdflscape-nome
tadata.sty
Package: pdflscape-nometadata 2022-10-28 v0.13 Display of landscape pages in PD
F (HO)

(C:/Users/ASUS/AppData/Local/Programs/MiKTeX/tex/latex/graphics/lscape.sty
Package: lscape 2020/05/28 v3.02 Landscape Pages (DPC)
)
Package pdflscape Info: Auto-detected driver: pdftex on input line 81.
))

Package siunitx Warning: Detected the "physics" package:
(siunitx)                omitting definition of \qty.
(siunitx)                
(siunitx)                If you want to use \qty with the siunitx definition,
(siunitx)                add 
(siunitx)                
(siunitx)                    \AtBeginDocument{\RenewCommandCopy\qty\SI}
(siunitx)                
(siunitx)                to your preamble.


(C:/Users/ASUS/AppData/Local/Programs/MiKTeX/tex/latex/translations/dicts/trans
lations-basic-dictionary-english.trsl
File: translations-basic-dictionary-english.trsl (english translation file `tra
nslations-basic-dictionary')
)
Package translations Info: loading dictionary `translations-basic-dictionary' f
or `english'. on input line 10.
 ("|'inkscape' -V ")

Package svg Warning: No version of Inkscape was detected by invoking
(svg)                `inkscape -V'
(svg)                so the Inkscape export will fail quite sure as the
(svg)                command is probably unknown to your OS. You could set
(svg)                `inkscapeversion=<version>' manually but this is very
(svg)                unlikely to work on input line 10.

Package caption Info: Begin \AtBeginDocument code.
Package caption Info: float package is loaded.
Package caption Info: hyperref package is loaded.
Package caption Info: End \AtBeginDocument code.
Package hyperref Info: Link coloring ON on input line 10.
(c:/GIT/Oil_Heater_Simulation/report/output/report.out)
(c:/GIT/Oil_Heater_Simulation/report/output/report.out)
\@outlinefile=\write5

\openout5 = report.out
<images/logo.png, id=102, 305.2203pt x 298.2342pt>
File: images/logo.png Graphic file (type png)
<use images/logo.png>
Package luatex.def Info: images/logo.png  used on input line 33.
(luatex.def)             Requested size: 181.18439pt x 177.03516pt.
 [1

{C:/Users/ASUS/AppData/Local/MiKTeX/fonts/map/pdftex/pdftex.map}
Missing character: There is no  (U+015E) in font ec-lmr12!
<./images/logo.png>]
warning  (pdf backend): ignoring duplicate destination with the name 'page.i'
[1] (c:/GIT/Oil_Heater_Simulation/report/output/report.toc
LaTeX Font Info:    Trying to load font information for OT1+lmr on input line 1
.

(C:/Users/ASUS/AppData/Local/Programs/MiKTeX/tex/latex/lm/ot1lmr.fd
File: ot1lmr.fd 2015/05/01 v1.6.1 Font defs for Latin Modern
)
LaTeX Font Info:    Trying to load font information for OML+lmm on input line 1
.

(C:/Users/ASUS/AppData/Local/Programs/MiKTeX/tex/latex/lm/omllmm.fd
File: omllmm.fd 2015/05/01 v1.6.1 Font defs for Latin Modern
)
LaTeX Font Info:    Trying to load font information for OMS+lmsy on input line 
1.

(C:/Users/ASUS/AppData/Local/Programs/MiKTeX/tex/latex/lm/omslmsy.fd
File: omslmsy.fd 2015/05/01 v1.6.1 Font defs for Latin Modern
)
LaTeX Font Info:    Trying to load font information for OMX+lmex on input line 
1.

(C:/Users/ASUS/AppData/Local/Programs/MiKTeX/tex/latex/lm/omxlmex.fd
File: omxlmex.fd 2015/05/01 v1.6.1 Font defs for Latin Modern
)
LaTeX Font Info:    External font `lmex10' loaded for size
(Font)              <10> on input line 1.
LaTeX Font Info:    External font `lmex10' loaded for size
(Font)              <7> on input line 1.
LaTeX Font Info:    External font `lmex10' loaded for size
(Font)              <5> on input line 1.
LaTeX Font Info:    Trying to load font information for U+msa on input line 1.

(C:/Users/ASUS/AppData/Local/Programs/MiKTeX/tex/latex/amsfonts/umsa.fd
File: umsa.fd 2013/01/14 v3.01 AMS symbols A
)
LaTeX Font Info:    Trying to load font information for U+msb on input line 1.

(C:/Users/ASUS/AppData/Local/Programs/MiKTeX/tex/latex/amsfonts/umsb.fd
File: umsb.fd 2013/01/14 v3.01 AMS symbols B
))
\tf@toc=\write6

\openout6 = report.toc

[3] (c:/GIT/Oil_Heater_Simulation/report/output/report.lof)
\tf@lof=\write7

\openout7 = report.lof
 [4

]
(c:/GIT/Oil_Heater_Simulation/report/output/report.lot)
\tf@lot=\write8

\openout8 = report.lot
 [5

]
\openout2 = 1-introduction.aux

(./1-introduction.tex
Chapter 1.
<images/exsetup.jpg, id=231, 517.935pt x 246.9225pt>
File: images/exsetup.jpg Graphic file (type jpg)
<use images/exsetup.jpg>
Package luatex.def Info: images/exsetup.jpg  used on input line 7.
(luatex.def)             Requested size: 271.7835pt x 129.57596pt.
<images/cycle.png, id=233, 451.08525pt x 405.31425pt>
File: images/cycle.png Graphic file (type png)
<use images/cycle.png>
Package luatex.def Info: images/cycle.png  used on input line 18.
(luatex.def)             Requested size: 253.6609pt x 227.92067pt.
[1



<./images/exsetup.jpg>]
<images/oscillation.jpg, id=240, 1606.0pt x 1204.5pt>
File: images/oscillation.jpg Graphic file (type jpg)
<use images/oscillation.jpg>
Package luatex.def Info: images/oscillation.jpg  used on input line 27.
(luatex.def)             Requested size: 271.7835pt x 203.82495pt.
 [2<./images/cycle.png><./images/oscillation.jpg>])
[3]
\openout2 = 2-theory.aux
 (./2-theory.tex
Chapter 2.
[4




] [5]) [6]
\openout2 = 3-methodology.aux
 (./3-methodology.tex
Chapter 3.
[7




]
<images/flowrate.png, id=321, 526.96875pt x 395.22656pt>
File: images/flowrate.png Graphic file (type png)
<use images/flowrate.png>
Package luatex.def Info: images/flowrate.png  used on input line 34.
(luatex.def)             Requested size: 284.52756pt x 213.40709pt.


LaTeX Warning: `h' float specifier changed to `ht'.

[8<./images/flowrate.png>]
<images/heater.png, id=332, 590.424pt x 377.994pt>
File: images/heater.png Graphic file (type png)
<use images/heater.png>
Package luatex.def Info: images/heater.png  used on input line 93.
(luatex.def)             Requested size: 341.43306pt x 218.59068pt.
 [9<./images/heater.png>]
<images/lookup.png, id=347, 434.22224pt x 401.0985pt>
File: images/lookup.png Graphic file (type png)
<use images/lookup.png>
Package luatex.def Info: images/lookup.png  used on input line 116.
(luatex.def)             Requested size: 170.71652pt x 157.68855pt.
<images/power.png, id=348, 600.44325pt x 383.031pt>
File: images/power.png Graphic file (type png)
<use images/power.png>
Package luatex.def Info: images/power.png  used on input line 122.
(luatex.def)             Requested size: 199.16928pt x 127.04936pt.

Overfull \hbox (17.9849pt too wide) in paragraph at lines 122--123
 [][] 
 []

<images/userinterface.png, id=354, 499.26524pt x 73.4745pt>
File: images/userinterface.png Graphic file (type png)
<use images/userinterface.png>
Package luatex.def Info: images/userinterface.png  used on input line 149.
(luatex.def)             Requested size: 341.43306pt x 50.24786pt.

LaTeX Warning: `h' float specifier changed to `ht'.

<images/resistor.png, id=357, 314.3745pt x 271.61475pt>
File: images/resistor.png Graphic file (type png)
<use images/resistor.png>
Package luatex.def Info: images/resistor.png  used on input line 159.
(luatex.def)             Requested size: 170.71652pt x 147.5028pt.
<images/resistorsim.png, id=358, 632.3625pt x 383.63326pt>
File: images/resistorsim.png Graphic file (type png)
<use images/resistorsim.png>
Package luatex.def Info: images/resistorsim.png  used on input line 165.
(luatex.def)             Requested size: 199.16928pt x 120.82755pt.

Overfull \hbox (17.9849pt too wide) in paragraph at lines 165--166
 [][] 
 []


LaTeX Warning: `h' float specifier changed to `ht'.

[10<./images/lookup.png><./images/power.png>]
<images/control_strategy.png, id=368, 526.96875pt x 395.22656pt>
File: images/control_strategy.png Graphic file (type png)
<use images/control_strategy.png>
Package luatex.def Info: images/control_strategy.png  used on input line 182.
(luatex.def)             Requested size: 312.9803pt x 234.74358pt.
<images/energyflow.png, id=369, 740.7675pt x 161.403pt>
File: images/energyflow.png Graphic file (type png)
<use images/energyflow.png>
Package luatex.def Info: images/energyflow.png  used on input line 189.
(luatex.def)             Requested size: 398.33858pt x 86.79428pt.
 [11<./images/userinterface.png><./images/resistor.png><./images/resistorsim.png
><./images/control_strategy.png>] [12<./images/energyflow.png>]
<images/evaporator_fit.png, id=388, 1248.91594pt x 704.6325pt>
File: images/evaporator_fit.png Graphic file (type png)
<use images/evaporator_fit.png>
Package luatex.def Info: images/evaporator_fit.png  used on input line 238.
(luatex.def)             Requested size: 455.24408pt x 256.8393pt.

Overfull \hbox (2.27618pt too wide) in paragraph at lines 238--239
 [][] 
 []


LaTeX Warning: `h' float specifier changed to `ht'.

[13<./images/evaporator_fit.png>]
<images/experimental-data.png, id=399, 526.96875pt x 395.22656pt>
File: images/experimental-data.png Graphic file (type png)
<use images/experimental-data.png>
Package luatex.def Info: images/experimental-data.png  used on input line 305.
(luatex.def)             Requested size: 369.88582pt x 277.42862pt.
 [14<./images/experimental-data.png>]
<images/TEST-1.png, id=409, 421.575pt x 316.0608pt>
File: images/TEST-1.png Graphic file (type png)
<use images/TEST-1.png>
Package luatex.def Info: images/TEST-1.png  used on input line 328.
(luatex.def)             Requested size: 227.62204pt x 170.65582pt.

Overfull \hbox (1.13809pt too wide) in paragraph at lines 328--329
 [][] 
 []

<images/TEST-2.png, id=410, 421.575pt x 316.0608pt>
File: images/TEST-2.png Graphic file (type png)
<use images/TEST-2.png>
Package luatex.def Info: images/TEST-2.png  used on input line 334.
(luatex.def)             Requested size: 227.62204pt x 170.65582pt.

Overfull \hbox (46.43765pt too wide) in paragraph at lines 334--335
 [][] 
 []

<images/cycle_v2.png, id=411, 478.1865pt x 457.71pt>
File: images/cycle_v2.png Graphic file (type png)
<use images/cycle_v2.png>
Package luatex.def Info: images/cycle_v2.png  used on input line 345.
(luatex.def)             Requested size: 284.52756pt x 272.35829pt.
[15<./images/TEST-1.png><./images/TEST-2.png>]
<images/oldandnew.png, id=420, 1161.138pt x 355.3275pt>
File: images/oldandnew.png Graphic file (type png)
<use images/oldandnew.png>
Package luatex.def Info: images/oldandnew.png  used on input line 359.
(luatex.def)             Requested size: 398.33858pt x 121.8941pt.
) [16<./images/cycle_v2.png><./images/oldandnew.png>]
\openout2 = 4-experimental-setup.aux
 (./4-experimental-setup.t
ex
Chapter 4.
<images/tasarim.jpg, id=428, 1089.06876pt x 515.9275pt>
File: images/tasarim.jpg Graphic file (type jpg)
<use images/tasarim.jpg>
Package luatex.def Info: images/tasarim.jpg  used on input line 16.
(luatex.def)             Requested size: 362.37569pt x 171.66576pt.
[17




<./images/tasarim.jpg>]
<images/pump.png, id=437, 337.26pt x 253.69781pt>
File: images/pump.png Graphic file (type png)
<use images/pump.png>
Package luatex.def Info: images/pump.png  used on input line 25.
(luatex.def)             Requested size: 226.48395pt x 170.37149pt.
<images/valve_2.png, id=438, 292.09125pt x 289.08pt>
File: images/valve_2.png Graphic file (type png)
<use images/valve_2.png>
Package luatex.def Info: images/valve_2.png  used on input line 34.
(luatex.def)             Requested size: 135.89174pt x 134.49579pt.
<images/valve.jpg, id=439, 325.215pt x 251.13824pt>
File: images/valve.jpg Graphic file (type jpg)
<use images/valve.jpg>
Package luatex.def Info: images/valve.jpg  used on input line 43.
(luatex.def)             Requested size: 135.89174pt x 104.94086pt.
 [18<./images/pump.png><./images/valve_2.png>]
<images/actuator.jpeg, id=446, 269.20575pt x 308.352pt>
File: images/actuator.jpeg Graphic file (type jpg)
<use images/actuator.jpeg>
Package luatex.def Info: images/actuator.jpeg  used on input line 52.
(luatex.def)             Requested size: 135.89174pt x 155.653pt.

[19<./images/valve.jpg><./images/actuator.jpeg>]
<images/devre.jpg, id=453, 602.25pt x 260.975pt>
File: images/devre.jpg Graphic file (type jpg)
<use images/devre.jpg>
Package luatex.def Info: images/devre.jpg  used on input line 92.
(luatex.def)             Requested size: 317.07614pt x 137.40417pt.
<images/actuator.jpg, id=454, 969.50204pt x 727.39755pt>
File: images/actuator.jpg Graphic file (type jpg)
<use images/actuator.jpg>
Package luatex.def Info: images/actuator.jpg  used on input line 100.
(luatex.def)             Requested size: 426.79134pt x 320.2224pt.
 [20<./images/devre.jpg>])
[21<./images/actuator.jpg>]
\openout2 = 5-results.aux
 (./5-results.tex
Chapter 5.
<images/TEST-3.png, id=470, 421.575pt x 316.0608pt>
File: images/TEST-3.png Graphic file (type png)
<use images/TEST-3.png>
Package luatex.def Info: images/TEST-3.png  used on input line 11.
(luatex.def)             Requested size: 227.62204pt x 170.65582pt.

Overfull \hbox (1.13809pt too wide) in paragraph at lines 11--12
 [][] 
 []

<images/TEST-4.png, id=471, 421.575pt x 316.0608pt>
File: images/TEST-4.png Graphic file (type png)
<use images/TEST-4.png>
Package luatex.def Info: images/TEST-4.png  used on input line 17.
(luatex.def)             Requested size: 227.62204pt x 170.65582pt.

Overfull \hbox (46.43765pt too wide) in paragraph at lines 17--18
 [][] 
 []

<images/TEST-5.png, id=472, 421.575pt x 316.0608pt>
File: images/TEST-5.png Graphic file (type png)
<use images/TEST-5.png>
Package luatex.def Info: images/TEST-5.png  used on input line 28.
(luatex.def)             Requested size: 204.85974pt x 153.5883pt.
<images/TEST-6.png, id=473, 421.575pt x 316.0608pt>
File: images/TEST-6.png Graphic file (type png)
<use images/TEST-6.png>
Package luatex.def Info: images/TEST-6.png  used on input line 34.
(luatex.def)             Requested size: 204.85974pt x 153.5883pt.

Overfull \hbox (23.67535pt too wide) in paragraph at lines 34--35
 [][] 
 []


LaTeX Warning: `h' float specifier changed to `ht'.

<images/TEST-7.png, id=474, 421.575pt x 316.0608pt>
File: images/TEST-7.png Graphic file (type png)
<use images/TEST-7.png>
Package luatex.def Info: images/TEST-7.png  used on input line 44.
(luatex.def)             Requested size: 204.85974pt x 153.5883pt.
[22




<./images/TEST-3.png><./images/TEST-4.png>]
<images/result.png, id=481, 573.561pt x 343.392pt>
File: images/result.png Graphic file (type png)
<use images/result.png>
Package luatex.def Info: images/result.png  used on input line 57.
(luatex.def)             Requested size: 341.43306pt x 204.42294pt.
 [23<./images/TEST-5.png><./images/TEST-6.png><./images/TEST-7.png><./images/res
ult.png>]) [24]
\openout2 = 6-conclusion.aux

(./6-conclusion.tex
Chapter 6.
) [25




] (c:/GIT/Oil_Heater_Simulation/report/output/report.bbl) (./appendix.tex
[26




Missing character: There is no  (U+011F) in font ec-lmr10!
]
Appendix A.
<images/total-model.png, id=506, 482.2818pt x 354.3639pt>
File: images/total-model.png Graphic file (type png)
<use images/total-model.png>
Package luatex.def Info: images/total-model.png  used on input line 5.
(luatex.def)             Requested size: 455.24408pt x 334.51337pt.

Overfull \hbox (2.27618pt too wide) in paragraph at lines 5--6
[][] 
 []

<images/heater-model.png, id=507, 794.97pt x 614.295pt>
File: images/heater-model.png Graphic file (type png)
<use images/heater-model.png>
Package luatex.def Info: images/heater-model.png  used on input line 8.
(luatex.def)             Requested size: 455.24408pt x 351.79211pt.

Overfull \hbox (2.27618pt too wide) in paragraph at lines 8--9
[][] 
 []

[27

<./images/total-model.png>]
<images/evaporator-model.png, id=512, 681.2652pt x 614.295pt>
File: images/evaporator-model.png Graphic file (type png)
<use images/evaporator-model.png>
Package luatex.def Info: images/evaporator-model.png  used on input line 11.
(luatex.def)             Requested size: 455.24408pt x 410.49756pt.

Overfull \hbox (2.27618pt too wide) in paragraph at lines 11--12
[][] 
 []

[28<./images/heater-model.png>]
<images/tank-model.png, id=517, 794.97pt x 614.295pt>
File: images/tank-model.png Graphic file (type png)
<use images/tank-model.png>
Package luatex.def Info: images/tank-model.png  used on input line 14.
(luatex.def)             Requested size: 455.24408pt x 351.79211pt.

Overfull \hbox (2.27618pt too wide) in paragraph at lines 14--15
[][] 
 []

[29<./images/evaporator-model.png>] [30<./images/tank-model.png>]
Appendix B.
LaTeX Font Info:    Trying to load font information for T1+lmtt on input line 2
8.
(C:/Users/ASUS/AppData/Local/Programs/MiKTeX/tex/latex/lm/t1lmtt.fd
File: t1lmtt.fd 2015/05/01 v1.6.1 Font defs for Latin Modern
)
Underfull \hbox (badness 10000) in paragraph at lines 36--38

 []

[31

]
LaTeX Font Info:    External font `lmex10' loaded for size
(Font)              <12> on input line 76.
LaTeX Font Info:    External font `lmex10' loaded for size
(Font)              <8> on input line 76.
LaTeX Font Info:    External font `lmex10' loaded for size
(Font)              <6> on input line 76.
 [32]
LaTeX Font Info:    Trying to load font information for TS1+lmtt on input line 
128.
 (C:/Users/ASUS/AppData/Local/Programs/MiKTeX/tex/latex/lm/ts1lmtt.fd
File: ts1lmtt.fd 2015/05/01 v1.6.1 Font defs for Latin Modern
)
Underfull \hbox (badness 10000) in paragraph at lines 139--141

 []


Underfull \hbox (badness 10000) in paragraph at lines 164--166

 []


Underfull \hbox (badness 10000) in paragraph at lines 175--177

 []

Package mdframed Info: Not enough space on this page on input line 193.
[33]
Package mdframed Info: Not enough space on this page on input line 193.
 [34] [35] [36

]) [37]
(c:/GIT/Oil_Heater_Simulation/report/output/report.aux
(c:/GIT/Oil_Heater_Simulation/report/output/1-introduction.aux)
(c:/GIT/Oil_Heater_Simulation/report/output/2-theory.aux)
(c:/GIT/Oil_Heater_Simulation/report/output/3-methodology.aux)
(c:/GIT/Oil_Heater_Simulation/report/output/4-experimental-setup.aux)
(c:/GIT/Oil_Heater_Simulation/report/output/5-results.aux)
(c:/GIT/Oil_Heater_Simulation/report/output/6-conclusion.aux))
Package rerunfilecheck Info: File `report.out' has not changed.
(rerunfilecheck)             Checksum: 910A307F29E59CF05515626321406112;3084.
)

Here is how much of LuaTeX's memory you used:
 49142 strings out of 478291
 100000,1977958 words of node,token memory allocated
 1103 words of node memory still in use:
   6 hlist, 2 vlist, 2 rule, 4 glue, 4 kern, 1 glyph, 54 attribute, 134 glue_spe
c, 54 attribute_list, 2 write nodes
   avail lists: 2:2746,3:1975,4:176,5:501,6:170,7:8957,8:50,9:629,10:28,11:658
 67348 multiletter control sequences out of 65536+600000
 61 fonts using 3971351 bytes
 104i,12n,93p,2155b,1133s stack positions out of 10000i,1000n,20000p,200000b,200000s
{C:/Users/ASUS/AppData/Local/Programs/MiKTeX/fonts/enc/dvips/lm/lm-ts1.enc}{C:/U
sers/ASUS/AppData/Local/Programs/MiKTeX/fonts/enc/dvips/lm/lm-ec.enc}{C:/Users/A
SUS/AppData/Local/Programs/MiKTeX/fonts/enc/dvips/lm/lm-rm.enc}{C:/Users/ASUS/Ap
pData/Local/Programs/MiKTeX/fonts/enc/dvips/lm/lm-mathit.enc}{C:/Users/ASUS/AppD
ata/Local/Programs/MiKTeX/fonts/enc/dvips/lm/lm-mathsy.enc}<C:/Users/ASUS/AppDat
a/Local/Programs/MiKTeX/fonts/type1/public/lm/lmbx10.pfb><C:/Users/ASUS/AppData/
Local/Programs/MiKTeX/fonts/type1/public/lm/lmbx12.pfb><C:/Users/ASUS/AppData/Lo
cal/Programs/MiKTeX/fonts/type1/public/lm/lmmi10.pfb><C:/Users/ASUS/AppData/Loca
l/Programs/MiKTeX/fonts/type1/public/lm/lmmi7.pfb><C:/Users/ASUS/AppData/Local/P
rograms/MiKTeX/fonts/type1/public/lm/lmr10.pfb><C:/Users/ASUS/AppData/Local/Prog
rams/MiKTeX/fonts/type1/public/lm/lmr12.pfb><C:/Users/ASUS/AppData/Local/Program
s/MiKTeX/fonts/type1/public/lm/lmr17.pfb><C:/Users/ASUS/AppData/Local/Programs/M
iKTeX/fonts/type1/public/lm/lmr5.pfb><C:/Users/ASUS/AppData/Local/Programs/MiKTe
X/fonts/type1/public/lm/lmr7.pfb><C:/Users/ASUS/AppData/Local/Programs/MiKTeX/fo
nts/type1/public/lm/lmri10.pfb><C:/Users/ASUS/AppData/Local/Programs/MiKTeX/font
s/type1/public/lm/lmsy10.pfb><C:/Users/ASUS/AppData/Local/Programs/MiKTeX/fonts/
type1/public/lm/lmsy7.pfb><C:/Users/ASUS/AppData/Local/Programs/MiKTeX/fonts/typ
e1/public/lm/lmtt10.pfb>
Output written on report.pdf (42 pages, 5493322 bytes).

PDF statistics: 624 PDF objects out of 1000 (max. 8388607)
 150 named destinations out of 1000 (max. 131072)
 208 words of extra memory for PDF output out of 10000 (max. 100000000)

